{"level":"warn","message":"ML Service request failed (Attempt 1/3): Network Error","service":"dss-api","timestamp":"2026-07-08 13:08:16"}
{"level":"warn","message":"ML Service request failed (Attempt 2/3): Timeout","service":"dss-api","timestamp":"2026-07-08 13:08:16"}
{"level":"warn","message":"ML Service request failed (Attempt 1/3): Fatal Error","service":"dss-api","timestamp":"2026-07-08 13:08:16"}
{"level":"warn","message":"ML Service request failed (Attempt 2/3): Fatal Error","service":"dss-api","timestamp":"2026-07-08 13:08:16"}
{"level":"warn","message":"ML Service request failed (Attempt 3/3): Fatal Error","service":"dss-api","timestamp":"2026-07-08 13:08:16"}
{"level":"error","message":"ML Service error after 3 attempts: Fatal Error","service":"dss-api","timestamp":"2026-07-08 13:08:16"}
{"level":"warn","message":"ML Service request failed (Attempt 1/3): Network Error","service":"dss-api","timestamp":"2026-07-08 13:08:49"}
{"level":"warn","message":"ML Service request failed (Attempt 2/3): Timeout","service":"dss-api","timestamp":"2026-07-08 13:08:49"}
{"level":"warn","message":"ML Service request failed (Attempt 1/3): Fatal Error","service":"dss-api","timestamp":"2026-07-08 13:08:49"}
{"level":"warn","message":"ML Service request failed (Attempt 2/3): Fatal Error","service":"dss-api","timestamp":"2026-07-08 13:08:49"}
{"level":"warn","message":"ML Service request failed (Attempt 3/3): Fatal Error","service":"dss-api","timestamp":"2026-07-08 13:08:49"}
{"level":"error","message":"ML Service error after 3 attempts: Fatal Error","service":"dss-api","timestamp":"2026-07-08 13:08:49"}
{"level":"warn","message":"ML Service request failed (Attempt 1/3): Network Error","service":"dss-api","timestamp":"2026-07-08 13:09:46"}
{"level":"warn","message":"ML Service request failed (Attempt 2/3): Timeout","service":"dss-api","timestamp":"2026-07-08 13:09:46"}
{"level":"warn","message":"ML Service request failed (Attempt 1/3): Fatal Error","service":"dss-api","timestamp":"2026-07-08 13:09:46"}
{"level":"warn","message":"ML Service request failed (Attempt 2/3): Fatal Error","service":"dss-api","timestamp":"2026-07-08 13:09:46"}
{"level":"warn","message":"ML Service request failed (Attempt 3/3): Fatal Error","service":"dss-api","timestamp":"2026-07-08 13:09:46"}
{"level":"error","message":"ML Service error after 3 attempts: Fatal Error","service":"dss-api","timestamp":"2026-07-08 13:09:46"}
{"level":"warn","message":"ML Service request failed (Attempt 1/3): Network Error","service":"dss-api","timestamp":"2026-07-08 13:10:44"}
{"level":"warn","message":"ML Service request failed (Attempt 2/3): Timeout","service":"dss-api","timestamp":"2026-07-08 13:10:44"}
{"level":"warn","message":"ML Service request failed (Attempt 1/3): Fatal Error","service":"dss-api","timestamp":"2026-07-08 13:10:44"}
{"level":"warn","message":"ML Service request failed (Attempt 2/3): Fatal Error","service":"dss-api","timestamp":"2026-07-08 13:10:44"}
{"level":"warn","message":"ML Service request failed (Attempt 3/3): Fatal Error","service":"dss-api","timestamp":"2026-07-08 13:10:44"}
{"level":"error","message":"ML Service error after 3 attempts: Fatal Error","service":"dss-api","timestamp":"2026-07-08 13:10:44"}
{"level":"warn","message":"ML Service request failed (Attempt 1/3): Network Error","service":"dss-api","timestamp":"2026-07-08 13:11:41"}
{"level":"warn","message":"ML Service request failed (Attempt 2/3): Timeout","service":"dss-api","timestamp":"2026-07-08 13:11:41"}
{"level":"warn","message":"ML Service request failed (Attempt 1/3): Fatal Error","service":"dss-api","timestamp":"2026-07-08 13:11:41"}
{"level":"warn","message":"ML Service request failed (Attempt 2/3): Fatal Error","service":"dss-api","timestamp":"2026-07-08 13:11:41"}
{"level":"warn","message":"ML Service request failed (Attempt 3/3): Fatal Error","service":"dss-api","timestamp":"2026-07-08 13:11:41"}
{"level":"error","message":"ML Service error after 3 attempts: Fatal Error","service":"dss-api","timestamp":"2026-07-08 13:11:41"}
{"level":"warn","message":"ML Service request failed (Attempt 1/3): Network Error","service":"dss-api","timestamp":"2026-07-08 13:12:02"}
{"level":"warn","message":"ML Service request failed (Attempt 2/3): Timeout","service":"dss-api","timestamp":"2026-07-08 13:12:02"}
{"level":"warn","message":"ML Service request failed (Attempt 1/3): Fatal Error","service":"dss-api","timestamp":"2026-07-08 13:12:02"}
{"level":"warn","message":"ML Service request failed (Attempt 2/3): Fatal Error","service":"dss-api","timestamp":"2026-07-08 13:12:02"}
{"level":"warn","message":"ML Service request failed (Attempt 3/3): Fatal Error","service":"dss-api","timestamp":"2026-07-08 13:12:02"}
{"level":"error","message":"ML Service error after 3 attempts: Fatal Error","service":"dss-api","timestamp":"2026-07-08 13:12:02"}
{"level":"warn","message":"ML Service request failed (Attempt 1/3): ","service":"dss-api","timestamp":"2026-07-08 13:12:29"}
{"level":"warn","message":"ML Service request failed (Attempt 2/3): ","service":"dss-api","timestamp":"2026-07-08 13:12:30"}
{"level":"warn","message":"ML Service request failed (Attempt 3/3): ","service":"dss-api","timestamp":"2026-07-08 13:12:32"}
{"level":"error","message":"ML Service error after 3 attempts: ","service":"dss-api","timestamp":"2026-07-08 13:12:32"}
{"level":"warn","message":"ML Service request failed (Attempt 1/3): Network Error","service":"dss-api","timestamp":"2026-07-08 13:12:32"}
{"level":"warn","message":"ML Service request failed (Attempt 2/3): Timeout","service":"dss-api","timestamp":"2026-07-08 13:12:32"}
{"level":"warn","message":"ML Service request failed (Attempt 1/3): Fatal Error","service":"dss-api","timestamp":"2026-07-08 13:12:32"}
{"level":"warn","message":"ML Service request failed (Attempt 2/3): Fatal Error","service":"dss-api","timestamp":"2026-07-08 13:12:32"}
{"level":"warn","message":"ML Service request failed (Attempt 3/3): Fatal Error","service":"dss-api","timestamp":"2026-07-08 13:12:32"}
{"level":"error","message":"ML Service error after 3 attempts: Fatal Error","service":"dss-api","timestamp":"2026-07-08 13:12:32"}
{"level":"warn","message":"ML Service request failed (Attempt 1/3): Network Error","service":"dss-api","timestamp":"2026-07-08 13:13:34"}
{"level":"warn","message":"ML Service request failed (Attempt 2/3): Timeout","service":"dss-api","timestamp":"2026-07-08 13:13:34"}
{"level":"warn","message":"ML Service request failed (Attempt 1/3): Fatal Error","service":"dss-api","timestamp":"2026-07-08 13:13:34"}
{"level":"warn","message":"ML Service request failed (Attempt 2/3): Fatal Error","service":"dss-api","timestamp":"2026-07-08 13:13:34"}
{"level":"warn","message":"ML Service request failed (Attempt 3/3): Fatal Error","service":"dss-api","timestamp":"2026-07-08 13:13:34"}
{"level":"error","message":"ML Service error after 3 attempts: Fatal Error","service":"dss-api","timestamp":"2026-07-08 13:13:34"}
{"level":"warn","message":"ML Service request failed (Attempt 1/3): ","service":"dss-api","timestamp":"2026-07-08 13:13:35"}
{"level":"warn","message":"ML Service request failed (Attempt 2/3): ","service":"dss-api","timestamp":"2026-07-08 13:13:36"}
{"level":"warn","message":"ML Service request failed (Attempt 3/3): ","service":"dss-api","timestamp":"2026-07-08 13:13:38"}
{"level":"error","message":"ML Service error after 3 attempts: ","service":"dss-api","timestamp":"2026-07-08 13:13:38"}
{"level":"warn","message":"ML Service request failed (Attempt 1/3): Network Error","service":"dss-api","timestamp":"2026-07-08 13:14:05"}
{"level":"warn","message":"ML Service request failed (Attempt 2/3): Timeout","service":"dss-api","timestamp":"2026-07-08 13:14:05"}
{"level":"warn","message":"ML Service request failed (Attempt 1/3): Fatal Error","service":"dss-api","timestamp":"2026-07-08 13:14:05"}
{"level":"warn","message":"ML Service request failed (Attempt 2/3): Fatal Error","service":"dss-api","timestamp":"2026-07-08 13:14:05"}
{"level":"warn","message":"ML Service request failed (Attempt 3/3): Fatal Error","service":"dss-api","timestamp":"2026-07-08 13:14:05"}
{"level":"error","message":"ML Service error after 3 attempts: Fatal Error","service":"dss-api","timestamp":"2026-07-08 13:14:05"}
{"level":"warn","message":"ML Service request failed (Attempt 1/3): ","service":"dss-api","timestamp":"2026-07-08 13:14:05"}
{"level":"warn","message":"ML Service request failed (Attempt 2/3): ","service":"dss-api","timestamp":"2026-07-08 13:14:06"}
{"level":"warn","message":"ML Service request failed (Attempt 3/3): ","service":"dss-api","timestamp":"2026-07-08 13:14:08"}
{"level":"error","message":"ML Service error after 3 attempts: ","service":"dss-api","timestamp":"2026-07-08 13:14:08"}
{"level":"warn","message":"ML Service request failed (Attempt 1/3): Network Error","service":"dss-api","timestamp":"2026-07-08 13:15:22"}
{"level":"warn","message":"ML Service request failed (Attempt 2/3): Timeout","service":"dss-api","timestamp":"2026-07-08 13:15:22"}
{"level":"warn","message":"ML Service request failed (Attempt 1/3): Fatal Error","service":"dss-api","timestamp":"2026-07-08 13:15:22"}
{"level":"warn","message":"ML Service request failed (Attempt 2/3): Fatal Error","service":"dss-api","timestamp":"2026-07-08 13:15:22"}
{"level":"warn","message":"ML Service request failed (Attempt 3/3): Fatal Error","service":"dss-api","timestamp":"2026-07-08 13:15:22"}
{"level":"error","message":"ML Service error after 3 attempts: Fatal Error","service":"dss-api","timestamp":"2026-07-08 13:15:22"}
{"level":"warn","message":"ML Service request failed (Attempt 1/3): ","service":"dss-api","timestamp":"2026-07-08 13:15:22"}
{"level":"warn","message":"ML Service request failed (Attempt 2/3): ","service":"dss-api","timestamp":"2026-07-08 13:15:23"}
{"level":"warn","message":"ML Service request failed (Attempt 3/3): ","service":"dss-api","timestamp":"2026-07-08 13:15:25"}
{"level":"error","message":"ML Service error after 3 attempts: ","service":"dss-api","timestamp":"2026-07-08 13:15:25"}
{"level":"warn","message":"ML Service request failed (Attempt 1/3): Network Error","service":"dss-api","timestamp":"2026-07-08 13:15:54"}
{"level":"warn","message":"ML Service request failed (Attempt 2/3): Timeout","service":"dss-api","timestamp":"2026-07-08 13:15:54"}
{"level":"warn","message":"ML Service request failed (Attempt 1/3): Fatal Error","service":"dss-api","timestamp":"2026-07-08 13:15:54"}
{"level":"warn","message":"ML Service request failed (Attempt 2/3): Fatal Error","service":"dss-api","timestamp":"2026-07-08 13:15:54"}
{"level":"warn","message":"ML Service request failed (Attempt 3/3): Fatal Error","service":"dss-api","timestamp":"2026-07-08 13:15:54"}
{"level":"error","message":"ML Service error after 3 attempts: Fatal Error","service":"dss-api","timestamp":"2026-07-08 13:15:54"}
{"level":"warn","message":"ML Service request failed (Attempt 1/3): ","service":"dss-api","timestamp":"2026-07-08 13:15:55"}
{"level":"warn","message":"ML Service request failed (Attempt 2/3): ","service":"dss-api","timestamp":"2026-07-08 13:15:56"}
{"level":"warn","message":"ML Service request failed (Attempt 3/3): ","service":"dss-api","timestamp":"2026-07-08 13:15:58"}
{"level":"error","message":"ML Service error after 3 attempts: ","service":"dss-api","timestamp":"2026-07-08 13:15:58"}
{"level":"warn","message":"ML Service request failed (Attempt 1/3): Network Error","service":"dss-api","timestamp":"2026-07-08 13:16:58"}
{"level":"warn","message":"ML Service request failed (Attempt 2/3): Timeout","service":"dss-api","timestamp":"2026-07-08 13:16:58"}
{"level":"warn","message":"ML Service request failed (Attempt 1/3): Fatal Error","service":"dss-api","timestamp":"2026-07-08 13:16:58"}
{"level":"warn","message":"ML Service request failed (Attempt 2/3): Fatal Error","service":"dss-api","timestamp":"2026-07-08 13:16:58"}
{"level":"warn","message":"ML Service request failed (Attempt 3/3): Fatal Error","service":"dss-api","timestamp":"2026-07-08 13:16:58"}
{"level":"error","message":"ML Service error after 3 attempts: Fatal Error","service":"dss-api","timestamp":"2026-07-08 13:16:58"}
{"level":"warn","message":"ML Service request failed (Attempt 1/3): ","service":"dss-api","timestamp":"2026-07-08 13:17:00"}
{"level":"warn","message":"ML Service request failed (Attempt 2/3): ","service":"dss-api","timestamp":"2026-07-08 13:17:01"}
{"level":"warn","message":"ML Service request failed (Attempt 3/3): ","service":"dss-api","timestamp":"2026-07-08 13:17:03"}
{"level":"error","message":"ML Service error after 3 attempts: ","service":"dss-api","timestamp":"2026-07-08 13:17:03"}
{"level":"warn","message":"ML Service request failed (Attempt 1/3): Network Error","service":"dss-api","timestamp":"2026-07-08 13:20:44"}
{"level":"warn","message":"ML Service request failed (Attempt 2/3): Timeout","service":"dss-api","timestamp":"2026-07-08 13:20:44"}
{"level":"warn","message":"ML Service request failed (Attempt 1/3): Fatal Error","service":"dss-api","timestamp":"2026-07-08 13:20:44"}
{"level":"warn","message":"ML Service request failed (Attempt 2/3): Fatal Error","service":"dss-api","timestamp":"2026-07-08 13:20:44"}
{"level":"warn","message":"ML Service request failed (Attempt 3/3): Fatal Error","service":"dss-api","timestamp":"2026-07-08 13:20:44"}
{"level":"error","message":"ML Service error after 3 attempts: Fatal Error","service":"dss-api","timestamp":"2026-07-08 13:20:44"}
{"level":"warn","message":"ML Service request failed (Attempt 1/3): ","service":"dss-api","timestamp":"2026-07-08 13:20:45"}
{"level":"warn","message":"ML Service request failed (Attempt 2/3): ","service":"dss-api","timestamp":"2026-07-08 13:20:46"}
{"level":"warn","message":"ML Service request failed (Attempt 3/3): ","service":"dss-api","timestamp":"2026-07-08 13:20:48"}
{"level":"error","message":"ML Service error after 3 attempts: ","service":"dss-api","timestamp":"2026-07-08 13:20:48"}
{"level":"warn","message":"ML Service request failed (Attempt 1/3): Network Error","service":"dss-api","timestamp":"2026-07-08 13:56:14"}
{"level":"warn","message":"ML Service request failed (Attempt 2/3): Timeout","service":"dss-api","timestamp":"2026-07-08 13:56:14"}
{"level":"warn","message":"ML Service request failed (Attempt 1/3): Fatal Error","service":"dss-api","timestamp":"2026-07-08 13:56:14"}
{"level":"warn","message":"ML Service request failed (Attempt 2/3): Fatal Error","service":"dss-api","timestamp":"2026-07-08 13:56:14"}
{"level":"warn","message":"ML Service request failed (Attempt 3/3): Fatal Error","service":"dss-api","timestamp":"2026-07-08 13:56:14"}
{"level":"error","message":"ML Service error after 3 attempts: Fatal Error","service":"dss-api","timestamp":"2026-07-08 13:56:14"}
{"error_code":"VALIDATION_ERROR","level":"error","message":"\"annualDemand\" is required","request":{"body":{},"ip":"::ffff:127.0.0.1","method":"POST","url":"/api/inventory/calculate-eoq","user_id":1},"service":"dss-api","stack":"Error: \"annualDemand\" is required\n    at calculateEOQ (E:\\DSS Tài liệu\\Đồ án cuối kỳ\\backend\\node_api\\src\\controllers\\inventory.controller.js:9:26)\n    at Layer.handleRequest (E:\\DSS Tài liệu\\Đồ án cuối kỳ\\backend\\node_api\\node_modules\\router\\lib\\layer.js:152:17)\n    at next (E:\\DSS Tài liệu\\Đồ án cuối kỳ\\backend\\node_api\\node_modules\\router\\lib\\route.js:157:13)\n    at next (E:\\DSS Tài liệu\\Đồ án cuối kỳ\\backend\\node_api\\src\\middlewares\\roleGuard.js:14:20)\n    at Layer.handleRequest (E:\\DSS Tài liệu\\Đồ án cuối kỳ\\backend\\node_api\\node_modules\\router\\lib\\layer.js:152:17)\n    at next (E:\\DSS Tài liệu\\Đồ án cuối kỳ\\backend\\node_api\\node_modules\\router\\lib\\route.js:157:13)\n    at Route.dispatch (E:\\DSS Tài liệu\\Đồ án cuối kỳ\\backend\\node_api\\node_modules\\router\\lib\\route.js:117:3)\n    at handle (E:\\DSS Tài liệu\\Đồ án cuối kỳ\\backend\\node_api\\node_modules\\router\\index.js:435:11)\n    at Layer.handleRequest (E:\\DSS Tài liệu\\Đồ án cuối kỳ\\backend\\node_api\\node_modules\\router\\lib\\layer.js:152:17)\n    at E:\\DSS Tài liệu\\Đồ án cuối kỳ\\backend\\node_api\\node_modules\\router\\index.js:295:15\n    at processParams (E:\\DSS Tài liệu\\Đồ án cuối kỳ\\backend\\node_api\\node_modules\\router\\index.js:582:12)\n    at next (E:\\DSS Tài liệu\\Đồ án cuối kỳ\\backend\\node_api\\node_modules\\router\\index.js:291:5)\n    at next (E:\\DSS Tài liệu\\Đồ án cuối kỳ\\backend\\node_api\\src\\middlewares\\auth.js:21:9)\n    at Layer.handleRequest (E:\\DSS Tài liệu\\Đồ án cuối kỳ\\backend\\node_api\\node_modules\\router\\lib\\layer.js:152:17)\n    at trimPrefix (E:\\DSS Tài liệu\\Đồ án cuối kỳ\\backend\\node_api\\node_modules\\router\\index.js:342:13)\n    at E:\\DSS Tài liệu\\Đồ án cuối kỳ\\backend\\node_api\\node_modules\\router\\index.js:297:9\n    at processParams (E:\\DSS Tài liệu\\Đồ án cuối kỳ\\backend\\node_api\\node_modules\\router\\index.js:582:12)\n    at next (E:\\DSS Tài liệu\\Đồ án cuối kỳ\\backend\\node_api\\node_modules\\router\\index.js:291:5)\n    at router.handle (E:\\DSS Tài liệu\\Đồ án cuối kỳ\\backend\\node_api\\node_modules\\router\\index.js:186:3)\n    at router (E:\\DSS Tài liệu\\Đồ án cuối kỳ\\backend\\node_api\\node_modules\\router\\index.js:60:12)\n    at Layer.handleRequest (E:\\DSS Tài liệu\\Đồ án cuối kỳ\\backend\\node_api\\node_modules\\router\\lib\\layer.js:152:17)\n    at trimPrefix (E:\\DSS Tài liệu\\Đồ án cuối kỳ\\backend\\node_api\\node_modules\\router\\index.js:342:13)\n    at E:\\DSS Tài liệu\\Đồ án cuối kỳ\\backend\\node_api\\node_modules\\router\\index.js:297:9\n    at processParams (E:\\DSS Tài liệu\\Đồ án cuối kỳ\\backend\\node_api\\node_modules\\router\\index.js:582:12)\n    at next (E:\\DSS Tài liệu\\Đồ án cuối kỳ\\backend\\node_api\\node_modules\\router\\index.js:291:5)\n    at E:\\DSS Tài liệu\\Đồ án cuối kỳ\\backend\\node_api\\node_modules\\express-rate-limit\\dist\\index.cjs:999:7\n    at processTicksAndRejections (node:internal/process/task_queues:105:5)\n    at E:\\DSS Tài liệu\\Đồ án cuối kỳ\\backend\\node_api\\node_modules\\express-rate-limit\\dist\\index.cjs:854:5","timestamp":"2026-07-08 13:56:15"}
{"error_code":"VALIDATION_ERROR","level":"error","message":"Yêu cầu productId trong query parameter","request":{"ip":"::ffff:127.0.0.1","method":"GET","url":"/api/suppliers/ranking","user_id":1},"service":"dss-api","stack":"Error: Yêu cầu productId trong query parameter\n    at getRanking (E:\\DSS Tài liệu\\Đồ án cuối kỳ\\backend\\node_api\\src\\controllers\\supplier.controller.js:74:19)\n    at Layer.handleRequest (E:\\DSS Tài liệu\\Đồ án cuối kỳ\\backend\\node_api\\node_modules\\router\\lib\\layer.js:152:17)\n    at next (E:\\DSS Tài liệu\\Đồ án cuối kỳ\\backend\\node_api\\node_modules\\router\\lib\\route.js:157:13)\n    at Route.dispatch (E:\\DSS Tài liệu\\Đồ án cuối kỳ\\backend\\node_api\\node_modules\\router\\lib\\route.js:117:3)\n    at handle (E:\\DSS Tài liệu\\Đồ án cuối kỳ\\backend\\node_api\\node_modules\\router\\index.js:435:11)\n    at Layer.handleRequest (E:\\DSS Tài liệu\\Đồ án cuối kỳ\\backend\\node_api\\node_modules\\router\\lib\\layer.js:152:17)\n    at E:\\DSS Tài liệu\\Đồ án cuối kỳ\\backend\\node_api\\node_modules\\router\\index.js:295:15\n    at processParams (E:\\DSS Tài liệu\\Đồ án cuối kỳ\\backend\\node_api\\node_modules\\router\\index.js:582:12)\n    at next (E:\\DSS Tài liệu\\Đồ án cuối kỳ\\backend\\node_api\\node_modules\\router\\index.js:291:5)\n    at next (E:\\DSS Tài liệu\\Đồ án cuối kỳ\\backend\\node_api\\src\\middlewares\\auth.js:21:9)\n    at Layer.handleRequest (E:\\DSS Tài liệu\\Đồ án cuối kỳ\\backend\\node_api\\node_modules\\router\\lib\\layer.js:152:17)\n    at trimPrefix (E:\\DSS Tài liệu\\Đồ án cuối kỳ\\backend\\node_api\\node_modules\\router\\index.js:342:13)\n    at E:\\DSS Tài liệu\\Đồ án cuối kỳ\\backend\\node_api\\node_modules\\router\\index.js:297:9\n    at processParams (E:\\DSS Tài liệu\\Đồ án cuối kỳ\\backend\\node_api\\node_modules\\router\\index.js:582:12)\n    at next (E:\\DSS Tài liệu\\Đồ án cuối kỳ\\backend\\node_api\\node_modules\\router\\index.js:291:5)\n    at router.handle (E:\\DSS Tài liệu\\Đồ án cuối kỳ\\backend\\node_api\\node_modules\\router\\index.js:186:3)\n    at router (E:\\DSS Tài liệu\\Đồ án cuối kỳ\\backend\\node_api\\node_modules\\router\\index.js:60:12)\n    at Layer.handleRequest (E:\\DSS Tài liệu\\Đồ án cuối kỳ\\backend\\node_api\\node_modules\\router\\lib\\layer.js:152:17)\n    at trimPrefix (E:\\DSS Tài liệu\\Đồ án cuối kỳ\\backend\\node_api\\node_modules\\router\\index.js:342:13)\n    at E:\\DSS Tài liệu\\Đồ án cuối kỳ\\backend\\node_api\\node_modules\\router\\index.js:297:9\n    at processParams (E:\\DSS Tài liệu\\Đồ án cuối kỳ\\backend\\node_api\\node_modules\\router\\index.js:582:12)\n    at next (E:\\DSS Tài liệu\\Đồ án cuối kỳ\\backend\\node_api\\node_modules\\router\\index.js:291:5)\n    at E:\\DSS Tài liệu\\Đồ án cuối kỳ\\backend\\node_api\\node_modules\\express-rate-limit\\dist\\index.cjs:999:7\n    at processTicksAndRejections (node:internal/process/task_queues:105:5)\n    at E:\\DSS Tài liệu\\Đồ án cuối kỳ\\backend\\node_api\\node_modules\\express-rate-limit\\dist\\index.cjs:854:5","timestamp":"2026-07-08 13:56:15"}
{"level":"warn","message":"ML Service request failed (Attempt 1/3): Network Error","service":"dss-api","timestamp":"2026-07-08 13:57:39"}
{"level":"warn","message":"ML Service request failed (Attempt 2/3): Timeout","service":"dss-api","timestamp":"2026-07-08 13:57:39"}
{"level":"warn","message":"ML Service request failed (Attempt 1/3): Fatal Error","service":"dss-api","timestamp":"2026-07-08 13:57:39"}
{"level":"warn","message":"ML Service request failed (Attempt 2/3): Fatal Error","service":"dss-api","timestamp":"2026-07-08 13:57:39"}
{"level":"warn","message":"ML Service request failed (Attempt 3/3): Fatal Error","service":"dss-api","timestamp":"2026-07-08 13:57:39"}
{"level":"error","message":"ML Service error after 3 attempts: Fatal Error","service":"dss-api","timestamp":"2026-07-08 13:57:39"}
{"error_code":"VALIDATION_ERROR","level":"error","message":"\"annualDemand\" is required","request":{"body":{},"ip":"::ffff:127.0.0.1","method":"POST","url":"/api/inventory/calculate-eoq","user_id":1},"service":"dss-api","stack":"Error: \"annualDemand\" is required\n    at calculateEOQ (E:\\DSS Tài liệu\\Đồ án cuối kỳ\\backend\\node_api\\src\\controllers\\inventory.controller.js:9:26)\n    at Layer.handleRequest (E:\\DSS Tài liệu\\Đồ án cuối kỳ\\backend\\node_api\\node_modules\\router\\lib\\layer.js:152:17)\n    at next (E:\\DSS Tài liệu\\Đồ án cuối kỳ\\backend\\node_api\\node_modules\\router\\lib\\route.js:157:13)\n    at next (E:\\DSS Tài liệu\\Đồ án cuối kỳ\\backend\\node_api\\src\\middlewares\\roleGuard.js:14:20)\n    at Layer.handleRequest (E:\\DSS Tài liệu\\Đồ án cuối kỳ\\backend\\node_api\\node_modules\\router\\lib\\layer.js:152:17)\n    at next (E:\\DSS Tài liệu\\Đồ án cuối kỳ\\backend\\node_api\\node_modules\\router\\lib\\route.js:157:13)\n    at Route.dispatch (E:\\DSS Tài liệu\\Đồ án cuối kỳ\\backend\\node_api\\node_modules\\router\\lib\\route.js:117:3)\n    at handle (E:\\DSS Tài liệu\\Đồ án cuối kỳ\\backend\\node_api\\node_modules\\router\\index.js:435:11)\n    at Layer.handleRequest (E:\\DSS Tài liệu\\Đồ án cuối kỳ\\backend\\node_api\\node_modules\\router\\lib\\layer.js:152:17)\n    at E:\\DSS Tài liệu\\Đồ án cuối kỳ\\backend\\node_api\\node_modules\\router\\index.js:295:15\n    at processParams (E:\\DSS Tài liệu\\Đồ án cuối kỳ\\backend\\node_api\\node_modules\\router\\index.js:582:12)\n    at next (E:\\DSS Tài liệu\\Đồ án cuối kỳ\\backend\\node_api\\node_modules\\router\\index.js:291:5)\n    at next (E:\\DSS Tài liệu\\Đồ án cuối kỳ\\backend\\node_api\\src\\middlewares\\auth.js:21:9)\n    at Layer.handleRequest (E:\\DSS Tài liệu\\Đồ án cuối kỳ\\backend\\node_api\\node_modules\\router\\lib\\layer.js:152:17)\n    at trimPrefix (E:\\DSS Tài liệu\\Đồ án cuối kỳ\\backend\\node_api\\node_modules\\router\\index.js:342:13)\n    at E:\\DSS Tài liệu\\Đồ án cuối kỳ\\backend\\node_api\\node_modules\\router\\index.js:297:9\n    at processParams (E:\\DSS Tài liệu\\Đồ án cuối kỳ\\backend\\node_api\\node_modules\\router\\index.js:582:12)\n    at next (E:\\DSS Tài liệu\\Đồ án cuối kỳ\\backend\\node_api\\node_modules\\router\\index.js:291:5)\n    at router.handle (E:\\DSS Tài liệu\\Đồ án cuối kỳ\\backend\\node_api\\node_modules\\router\\index.js:186:3)\n    at router (E:\\DSS Tài liệu\\Đồ án cuối kỳ\\backend\\node_api\\node_modules\\router\\index.js:60:12)\n    at Layer.handleRequest (E:\\DSS Tài liệu\\Đồ án cuối kỳ\\backend\\node_api\\node_modules\\router\\lib\\layer.js:152:17)\n    at trimPrefix (E:\\DSS Tài liệu\\Đồ án cuối kỳ\\backend\\node_api\\node_modules\\router\\index.js:342:13)\n    at E:\\DSS Tài liệu\\Đồ án cuối kỳ\\backend\\node_api\\node_modules\\router\\index.js:297:9\n    at processParams (E:\\DSS Tài liệu\\Đồ án cuối kỳ\\backend\\node_api\\node_modules\\router\\index.js:582:12)\n    at next (E:\\DSS Tài liệu\\Đồ án cuối kỳ\\backend\\node_api\\node_modules\\router\\index.js:291:5)\n    at E:\\DSS Tài liệu\\Đồ án cuối kỳ\\backend\\node_api\\node_modules\\express-rate-limit\\dist\\index.cjs:999:7\n    at processTicksAndRejections (node:internal/process/task_queues:105:5)\n    at E:\\DSS Tài liệu\\Đồ án cuối kỳ\\backend\\node_api\\node_modules\\express-rate-limit\\dist\\index.cjs:854:5","timestamp":"2026-07-08 13:57:40"}
{"error_code":"VALIDATION_ERROR","level":"error","message":"Yêu cầu productId trong query parameter","request":{"ip":"::ffff:127.0.0.1","method":"GET","url":"/api/suppliers/ranking","user_id":1},"service":"dss-api","stack":"Error: Yêu cầu productId trong query parameter\n    at getRanking (E:\\DSS Tài liệu\\Đồ án cuối kỳ\\backend\\node_api\\src\\controllers\\supplier.controller.js:74:19)\n    at Layer.handleRequest (E:\\DSS Tài liệu\\Đồ án cuối kỳ\\backend\\node_api\\node_modules\\router\\lib\\layer.js:152:17)\n    at next (E:\\DSS Tài liệu\\Đồ án cuối kỳ\\backend\\node_api\\node_modules\\router\\lib\\route.js:157:13)\n    at Route.dispatch (E:\\DSS Tài liệu\\Đồ án cuối kỳ\\backend\\node_api\\node_modules\\router\\lib\\route.js:117:3)\n    at handle (E:\\DSS Tài liệu\\Đồ án cuối kỳ\\backend\\node_api\\node_modules\\router\\index.js:435:11)\n    at Layer.handleRequest (E:\\DSS Tài liệu\\Đồ án cuối kỳ\\backend\\node_api\\node_modules\\router\\lib\\layer.js:152:17)\n    at E:\\DSS Tài liệu\\Đồ án cuối kỳ\\backend\\node_api\\node_modules\\router\\index.js:295:15\n    at processParams (E:\\DSS Tài liệu\\Đồ án cuối kỳ\\backend\\node_api\\node_modules\\router\\index.js:582:12)\n    at next (E:\\DSS Tài liệu\\Đồ án cuối kỳ\\backend\\node_api\\node_modules\\router\\index.js:291:5)\n    at next (E:\\DSS Tài liệu\\Đồ án cuối kỳ\\backend\\node_api\\src\\middlewares\\auth.js:21:9)\n    at Layer.handleRequest (E:\\DSS Tài liệu\\Đồ án cuối kỳ\\backend\\node_api\\node_modules\\router\\lib\\layer.js:152:17)\n    at trimPrefix (E:\\DSS Tài liệu\\Đồ án cuối kỳ\\backend\\node_api\\node_modules\\router\\index.js:342:13)\n    at E:\\DSS Tài liệu\\Đồ án cuối kỳ\\backend\\node_api\\node_modules\\router\\index.js:297:9\n    at processParams (E:\\DSS Tài liệu\\Đồ án cuối kỳ\\backend\\node_api\\node_modules\\router\\index.js:582:12)\n    at next (E:\\DSS Tài liệu\\Đồ án cuối kỳ\\backend\\node_api\\node_modules\\router\\index.js:291:5)\n    at router.handle (E:\\DSS Tài liệu\\Đồ án cuối kỳ\\backend\\node_api\\node_modules\\router\\index.js:186:3)\n    at router (E:\\DSS Tài liệu\\Đồ án cuối kỳ\\backend\\node_api\\node_modules\\router\\index.js:60:12)\n    at Layer.handleRequest (E:\\DSS Tài liệu\\Đồ án cuối kỳ\\backend\\node_api\\node_modules\\router\\lib\\layer.js:152:17)\n    at trimPrefix (E:\\DSS Tài liệu\\Đồ án cuối kỳ\\backend\\node_api\\node_modules\\router\\index.js:342:13)\n    at E:\\DSS Tài liệu\\Đồ án cuối kỳ\\backend\\node_api\\node_modules\\router\\index.js:297:9\n    at processParams (E:\\DSS Tài liệu\\Đồ án cuối kỳ\\backend\\node_api\\node_modules\\router\\index.js:582:12)\n    at next (E:\\DSS Tài liệu\\Đồ án cuối kỳ\\backend\\node_api\\node_modules\\router\\index.js:291:5)\n    at E:\\DSS Tài liệu\\Đồ án cuối kỳ\\backend\\node_api\\node_modules\\express-rate-limit\\dist\\index.cjs:999:7\n    at processTicksAndRejections (node:internal/process/task_queues:105:5)\n    at E:\\DSS Tài liệu\\Đồ án cuối kỳ\\backend\\node_api\\node_modules\\express-rate-limit\\dist\\index.cjs:854:5","timestamp":"2026-07-08 13:57:40"}
{"level":"warn","message":"ML Service request failed (Attempt 1/3): ","service":"dss-api","timestamp":"2026-07-08 13:57:40"}
{"level":"warn","message":"ML Service request failed (Attempt 2/3): ","service":"dss-api","timestamp":"2026-07-08 13:57:41"}
{"level":"warn","message":"ML Service request failed (Attempt 3/3): ","service":"dss-api","timestamp":"2026-07-08 13:57:43"}
{"level":"error","message":"ML Service error after 3 attempts: ","service":"dss-api","timestamp":"2026-07-08 13:57:43"}
{"error_code":"ML_SERVICE_ERROR","level":"error","message":"ML Service error after 3 attempts: ","request":{"ip":"::ffff:127.0.0.1","method":"GET","url":"/api/forecast/123","user_id":1},"service":"dss-api","stack":"Error: ML Service error after 3 attempts: \n    at exports.getForecast (E:\\DSS Tài liệu\\Đồ án cuối kỳ\\backend\\node_api\\src\\controllers\\forecast.controller.js:26:14)\n    at processTicksAndRejections (node:internal/process/task_queues:105:5)","timestamp":"2026-07-08 13:57:43"}
{"error_code":"VALIDATION_ERROR","level":"error","message":"\"annualDemand\" is required","request":{"body":{},"ip":"::ffff:127.0.0.1","method":"POST","url":"/api/inventory/calculate-eoq","user_id":1},"service":"dss-api","stack":"Error: \"annualDemand\" is required\n    at calculateEOQ (E:\\DSS Tài liệu\\Đồ án cuối kỳ\\backend\\node_api\\src\\controllers\\inventory.controller.js:9:26)\n    at Layer.handleRequest (E:\\DSS Tài liệu\\Đồ án cuối kỳ\\backend\\node_api\\node_modules\\router\\lib\\layer.js:152:17)\n    at next (E:\\DSS Tài liệu\\Đồ án cuối kỳ\\backend\\node_api\\node_modules\\router\\lib\\route.js:157:13)\n    at next (E:\\DSS Tài liệu\\Đồ án cuối kỳ\\backend\\node_api\\src\\middlewares\\roleGuard.js:14:20)\n    at Layer.handleRequest (E:\\DSS Tài liệu\\Đồ án cuối kỳ\\backend\\node_api\\node_modules\\router\\lib\\layer.js:152:17)\n    at next (E:\\DSS Tài liệu\\Đồ án cuối kỳ\\backend\\node_api\\node_modules\\router\\lib\\route.js:157:13)\n    at Route.dispatch (E:\\DSS Tài liệu\\Đồ án cuối kỳ\\backend\\node_api\\node_modules\\router\\lib\\route.js:117:3)\n    at handle (E:\\DSS Tài liệu\\Đồ án cuối kỳ\\backend\\node_api\\node_modules\\router\\index.js:435:11)\n    at Layer.handleRequest (E:\\DSS Tài liệu\\Đồ án cuối kỳ\\backend\\node_api\\node_modules\\router\\lib\\layer.js:152:17)\n    at E:\\DSS Tài liệu\\Đồ án cuối kỳ\\backend\\node_api\\node_modules\\router\\index.js:295:15\n    at processParams (E:\\DSS Tài liệu\\Đồ án cuối kỳ\\backend\\node_api\\node_modules\\router\\index.js:582:12)\n    at next (E:\\DSS Tài liệu\\Đồ án cuối kỳ\\backend\\node_api\\node_modules\\router\\index.js:291:5)\n    at next (E:\\DSS Tài liệu\\Đồ án cuối kỳ\\backend\\node_api\\src\\middlewares\\auth.js:21:9)\n    at Layer.handleRequest (E:\\DSS Tài liệu\\Đồ án cuối kỳ\\backend\\node_api\\node_modules\\router\\lib\\layer.js:152:17)\n    at trimPrefix (E:\\DSS Tài liệu\\Đồ án cuối kỳ\\backend\\node_api\\node_modules\\router\\index.js:342:13)\n    at E:\\DSS Tài liệu\\Đồ án cuối kỳ\\backend\\node_api\\node_modules\\router\\index.js:297:9\n    at processParams (E:\\DSS Tài liệu\\Đồ án cuối kỳ\\backend\\node_api\\node_modules\\router\\index.js:582:12)\n    at next (E:\\DSS Tài liệu\\Đồ án cuối kỳ\\backend\\node_api\\node_modules\\router\\index.js:291:5)\n    at router.handle (E:\\DSS Tài liệu\\Đồ án cuối kỳ\\backend\\node_api\\node_modules\\router\\index.js:186:3)\n    at router (E:\\DSS Tài liệu\\Đồ án cuối kỳ\\backend\\node_api\\node_modules\\router\\index.js:60:12)\n    at Layer.handleRequest (E:\\DSS Tài liệu\\Đồ án cuối kỳ\\backend\\node_api\\node_modules\\router\\lib\\layer.js:152:17)\n    at trimPrefix (E:\\DSS Tài liệu\\Đồ án cuối kỳ\\backend\\node_api\\node_modules\\router\\index.js:342:13)\n    at E:\\DSS Tài liệu\\Đồ án cuối kỳ\\backend\\node_api\\node_modules\\router\\index.js:297:9\n    at processParams (E:\\DSS Tài liệu\\Đồ án cuối kỳ\\backend\\node_api\\node_modules\\router\\index.js:582:12)\n    at next (E:\\DSS Tài liệu\\Đồ án cuối kỳ\\backend\\node_api\\node_modules\\router\\index.js:291:5)\n    at E:\\DSS Tài liệu\\Đồ án cuối kỳ\\backend\\node_api\\node_modules\\express-rate-limit\\dist\\index.cjs:999:7\n    at processTicksAndRejections (node:internal/process/task_queues:105:5)\n    at E:\\DSS Tài liệu\\Đồ án cuối kỳ\\backend\\node_api\\node_modules\\express-rate-limit\\dist\\index.cjs:854:5","timestamp":"2026-07-08 13:57:54"}
{"error_code":"VALIDATION_ERROR","level":"error","message":"Yêu cầu productId trong query parameter","request":{"ip":"::ffff:127.0.0.1","method":"GET","url":"/api/suppliers/ranking","user_id":1},"service":"dss-api","stack":"Error: Yêu cầu productId trong query parameter\n    at getRanking (E:\\DSS Tài liệu\\Đồ án cuối kỳ\\backend\\node_api\\src\\controllers\\supplier.controller.js:74:19)\n    at Layer.handleRequest (E:\\DSS Tài liệu\\Đồ án cuối kỳ\\backend\\node_api\\node_modules\\router\\lib\\layer.js:152:17)\n    at next (E:\\DSS Tài liệu\\Đồ án cuối kỳ\\backend\\node_api\\node_modules\\router\\lib\\route.js:157:13)\n    at Route.dispatch (E:\\DSS Tài liệu\\Đồ án cuối kỳ\\backend\\node_api\\node_modules\\router\\lib\\route.js:117:3)\n    at handle (E:\\DSS Tài liệu\\Đồ án cuối kỳ\\backend\\node_api\\node_modules\\router\\index.js:435:11)\n    at Layer.handleRequest (E:\\DSS Tài liệu\\Đồ án cuối kỳ\\backend\\node_api\\node_modules\\router\\lib\\layer.js:152:17)\n    at E:\\DSS Tài liệu\\Đồ án cuối kỳ\\backend\\node_api\\node_modules\\router\\index.js:295:15\n    at processParams (E:\\DSS Tài liệu\\Đồ án cuối kỳ\\backend\\node_api\\node_modules\\router\\index.js:582:12)\n    at next (E:\\DSS Tài liệu\\Đồ án cuối kỳ\\backend\\node_api\\node_modules\\router\\index.js:291:5)\n    at next (E:\\DSS Tài liệu\\Đồ án cuối kỳ\\backend\\node_api\\src\\middlewares\\auth.js:21:9)\n    at Layer.handleRequest (E:\\DSS Tài liệu\\Đồ án cuối kỳ\\backend\\node_api\\node_modules\\router\\lib\\layer.js:152:17)\n    at trimPrefix (E:\\DSS Tài liệu\\Đồ án cuối kỳ\\backend\\node_api\\node_modules\\router\\index.js:342:13)\n    at E:\\DSS Tài liệu\\Đồ án cuối kỳ\\backend\\node_api\\node_modules\\router\\index.js:297:9\n    at processParams (E:\\DSS Tài liệu\\Đồ án cuối kỳ\\backend\\node_api\\node_modules\\router\\index.js:582:12)\n    at next (E:\\DSS Tài liệu\\Đồ án cuối kỳ\\backend\\node_api\\node_modules\\router\\index.js:291:5)\n    at router.handle (E:\\DSS Tài liệu\\Đồ án cuối kỳ\\backend\\node_api\\node_modules\\router\\index.js:186:3)\n    at router (E:\\DSS Tài liệu\\Đồ án cuối kỳ\\backend\\node_api\\node_modules\\router\\index.js:60:12)\n    at Layer.handleRequest (E:\\DSS Tài liệu\\Đồ án cuối kỳ\\backend\\node_api\\node_modules\\router\\lib\\layer.js:152:17)\n    at trimPrefix (E:\\DSS Tài liệu\\Đồ án cuối kỳ\\backend\\node_api\\node_modules\\router\\index.js:342:13)\n    at E:\\DSS Tài liệu\\Đồ án cuối kỳ\\backend\\node_api\\node_modules\\router\\index.js:297:9\n    at processParams (E:\\DSS Tài liệu\\Đồ án cuối kỳ\\backend\\node_api\\node_modules\\router\\index.js:582:12)\n    at next (E:\\DSS Tài liệu\\Đồ án cuối kỳ\\backend\\node_api\\node_modules\\router\\index.js:291:5)\n    at E:\\DSS Tài liệu\\Đồ án cuối kỳ\\backend\\node_api\\node_modules\\express-rate-limit\\dist\\index.cjs:999:7\n    at processTicksAndRejections (node:internal/process/task_queues:105:5)\n    at E:\\DSS Tài liệu\\Đồ án cuối kỳ\\backend\\node_api\\node_modules\\express-rate-limit\\dist\\index.cjs:854:5","timestamp":"2026-07-08 13:57:54"}
{"level":"warn","message":"ML Service request failed (Attempt 1/3): ","service":"dss-api","timestamp":"2026-07-08 13:57:54"}
{"level":"warn","message":"ML Service request failed (Attempt 2/3): ","service":"dss-api","timestamp":"2026-07-08 13:57:55"}
{"level":"warn","message":"ML Service request failed (Attempt 3/3): ","service":"dss-api","timestamp":"2026-07-08 13:57:57"}
{"level":"error","message":"ML Service error after 3 attempts: ","service":"dss-api","timestamp":"2026-07-08 13:57:57"}
{"error_code":"ML_SERVICE_ERROR","level":"error","message":"ML Service error after 3 attempts: ","request":{"ip":"::ffff:127.0.0.1","method":"GET","url":"/api/forecast/123","user_id":1},"service":"dss-api","stack":"Error: ML Service error after 3 attempts: \n    at exports.getForecast (E:\\DSS Tài liệu\\Đồ án cuối kỳ\\backend\\node_api\\src\\controllers\\forecast.controller.js:26:14)\n    at processTicksAndRejections (node:internal/process/task_queues:105:5)","timestamp":"2026-07-08 13:57:57"}
{"level":"warn","message":"ML Service request failed (Attempt 1/3): Network Error","service":"dss-api","timestamp":"2026-07-08 13:58:31"}
{"level":"warn","message":"ML Service request failed (Attempt 2/3): Timeout","service":"dss-api","timestamp":"2026-07-08 13:58:31"}
{"level":"warn","message":"ML Service request failed (Attempt 1/3): Fatal Error","service":"dss-api","timestamp":"2026-07-08 13:58:31"}
{"level":"warn","message":"ML Service request failed (Attempt 2/3): Fatal Error","service":"dss-api","timestamp":"2026-07-08 13:58:31"}
{"level":"warn","message":"ML Service request failed (Attempt 3/3): Fatal Error","service":"dss-api","timestamp":"2026-07-08 13:58:31"}
{"level":"error","message":"ML Service error after 3 attempts: Fatal Error","service":"dss-api","timestamp":"2026-07-08 13:58:31"}
{"error_code":"VALIDATION_ERROR","level":"error","message":"\"annualDemand\" is required","request":{"body":{},"ip":"::ffff:127.0.0.1","method":"POST","url":"/api/inventory/calculate-eoq","user_id":1},"service":"dss-api","stack":"Error: \"annualDemand\" is required\n    at calculateEOQ (E:\\DSS Tài liệu\\Đồ án cuối kỳ\\backend\\node_api\\src\\controllers\\inventory.controller.js:9:26)\n    at Layer.handleRequest (E:\\DSS Tài liệu\\Đồ án cuối kỳ\\backend\\node_api\\node_modules\\router\\lib\\layer.js:152:17)\n    at next (E:\\DSS Tài liệu\\Đồ án cuối kỳ\\backend\\node_api\\node_modules\\router\\lib\\route.js:157:13)\n    at next (E:\\DSS Tài liệu\\Đồ án cuối kỳ\\backend\\node_api\\src\\middlewares\\roleGuard.js:14:20)\n    at Layer.handleRequest (E:\\DSS Tài liệu\\Đồ án cuối kỳ\\backend\\node_api\\node_modules\\router\\lib\\layer.js:152:17)\n    at next (E:\\DSS Tài liệu\\Đồ án cuối kỳ\\backend\\node_api\\node_modules\\router\\lib\\route.js:157:13)\n    at Route.dispatch (E:\\DSS Tài liệu\\Đồ án cuối kỳ\\backend\\node_api\\node_modules\\router\\lib\\route.js:117:3)\n    at handle (E:\\DSS Tài liệu\\Đồ án cuối kỳ\\backend\\node_api\\node_modules\\router\\index.js:435:11)\n    at Layer.handleRequest (E:\\DSS Tài liệu\\Đồ án cuối kỳ\\backend\\node_api\\node_modules\\router\\lib\\layer.js:152:17)\n    at E:\\DSS Tài liệu\\Đồ án cuối kỳ\\backend\\node_api\\node_modules\\router\\index.js:295:15\n    at processParams (E:\\DSS Tài liệu\\Đồ án cuối kỳ\\backend\\node_api\\node_modules\\router\\index.js:582:12)\n    at next (E:\\DSS Tài liệu\\Đồ án cuối kỳ\\backend\\node_api\\node_modules\\router\\index.js:291:5)\n    at next (E:\\DSS Tài liệu\\Đồ án cuối kỳ\\backend\\node_api\\src\\middlewares\\auth.js:21:9)\n    at Layer.handleRequest (E:\\DSS Tài liệu\\Đồ án cuối kỳ\\backend\\node_api\\node_modules\\router\\lib\\layer.js:152:17)\n    at trimPrefix (E:\\DSS Tài liệu\\Đồ án cuối kỳ\\backend\\node_api\\node_modules\\router\\index.js:342:13)\n    at E:\\DSS Tài liệu\\Đồ án cuối kỳ\\backend\\node_api\\node_modules\\router\\index.js:297:9\n    at processParams (E:\\DSS Tài liệu\\Đồ án cuối kỳ\\backend\\node_api\\node_modules\\router\\index.js:582:12)\n    at next (E:\\DSS Tài liệu\\Đồ án cuối kỳ\\backend\\node_api\\node_modules\\router\\index.js:291:5)\n    at router.handle (E:\\DSS Tài liệu\\Đồ án cuối kỳ\\backend\\node_api\\node_modules\\router\\index.js:186:3)\n    at router (E:\\DSS Tài liệu\\Đồ án cuối kỳ\\backend\\node_api\\node_modules\\router\\index.js:60:12)\n    at Layer.handleRequest (E:\\DSS Tài liệu\\Đồ án cuối kỳ\\backend\\node_api\\node_modules\\router\\lib\\layer.js:152:17)\n    at trimPrefix (E:\\DSS Tài liệu\\Đồ án cuối kỳ\\backend\\node_api\\node_modules\\router\\index.js:342:13)\n    at E:\\DSS Tài liệu\\Đồ án cuối kỳ\\backend\\node_api\\node_modules\\router\\index.js:297:9\n    at processParams (E:\\DSS Tài liệu\\Đồ án cuối kỳ\\backend\\node_api\\node_modules\\router\\index.js:582:12)\n    at next (E:\\DSS Tài liệu\\Đồ án cuối kỳ\\backend\\node_api\\node_modules\\router\\index.js:291:5)\n    at E:\\DSS Tài liệu\\Đồ án cuối kỳ\\backend\\node_api\\node_modules\\express-rate-limit\\dist\\index.cjs:999:7\n    at processTicksAndRejections (node:internal/process/task_queues:105:5)\n    at E:\\DSS Tài liệu\\Đồ án cuối kỳ\\backend\\node_api\\node_modules\\express-rate-limit\\dist\\index.cjs:854:5","timestamp":"2026-07-08 13:58:31"}
{"error_code":"VALIDATION_ERROR","level":"error","message":"Yêu cầu productId trong query parameter","request":{"ip":"::ffff:127.0.0.1","method":"GET","url":"/api/suppliers/ranking","user_id":1},"service":"dss-api","stack":"Error: Yêu cầu productId trong query parameter\n    at getRanking (E:\\DSS Tài liệu\\Đồ án cuối kỳ\\backend\\node_api\\src\\controllers\\supplier.controller.js:74:19)\n    at Layer.handleRequest (E:\\DSS Tài liệu\\Đồ án cuối kỳ\\backend\\node_api\\node_modules\\router\\lib\\layer.js:152:17)\n    at next (E:\\DSS Tài liệu\\Đồ án cuối kỳ\\backend\\node_api\\node_modules\\router\\lib\\route.js:157:13)\n    at Route.dispatch (E:\\DSS Tài liệu\\Đồ án cuối kỳ\\backend\\node_api\\node_modules\\router\\lib\\route.js:117:3)\n    at handle (E:\\DSS Tài liệu\\Đồ án cuối kỳ\\backend\\node_api\\node_modules\\router\\index.js:435:11)\n    at Layer.handleRequest (E:\\DSS Tài liệu\\Đồ án cuối kỳ\\backend\\node_api\\node_modules\\router\\lib\\layer.js:152:17)\n    at E:\\DSS Tài liệu\\Đồ án cuối kỳ\\backend\\node_api\\node_modules\\router\\index.js:295:15\n    at processParams (E:\\DSS Tài liệu\\Đồ án cuối kỳ\\backend\\node_api\\node_modules\\router\\index.js:582:12)\n    at next (E:\\DSS Tài liệu\\Đồ án cuối kỳ\\backend\\node_api\\node_modules\\router\\index.js:291:5)\n    at next (E:\\DSS Tài liệu\\Đồ án cuối kỳ\\backend\\node_api\\src\\middlewares\\auth.js:21:9)\n    at Layer.handleRequest (E:\\DSS Tài liệu\\Đồ án cuối kỳ\\backend\\node_api\\node_modules\\router\\lib\\layer.js:152:17)\n    at trimPrefix (E:\\DSS Tài liệu\\Đồ án cuối kỳ\\backend\\node_api\\node_modules\\router\\index.js:342:13)\n    at E:\\DSS Tài liệu\\Đồ án cuối kỳ\\backend\\node_api\\node_modules\\router\\index.js:297:9\n    at processParams (E:\\DSS Tài liệu\\Đồ án cuối kỳ\\backend\\node_api\\node_modules\\router\\index.js:582:12)\n    at next (E:\\DSS Tài liệu\\Đồ án cuối kỳ\\backend\\node_api\\node_modules\\router\\index.js:291:5)\n    at router.handle (E:\\DSS Tài liệu\\Đồ án cuối kỳ\\backend\\node_api\\node_modules\\router\\index.js:186:3)\n    at router (E:\\DSS Tài liệu\\Đồ án cuối kỳ\\backend\\node_api\\node_modules\\router\\index.js:60:12)\n    at Layer.handleRequest (E:\\DSS Tài liệu\\Đồ án cuối kỳ\\backend\\node_api\\node_modules\\router\\lib\\layer.js:152:17)\n    at trimPrefix (E:\\DSS Tài liệu\\Đồ án cuối kỳ\\backend\\node_api\\node_modules\\router\\index.js:342:13)\n    at E:\\DSS Tài liệu\\Đồ án cuối kỳ\\backend\\node_api\\node_modules\\router\\index.js:297:9\n    at processParams (E:\\DSS Tài liệu\\Đồ án cuối kỳ\\backend\\node_api\\node_modules\\router\\index.js:582:12)\n    at next (E:\\DSS Tài liệu\\Đồ án cuối kỳ\\backend\\node_api\\node_modules\\router\\index.js:291:5)\n    at E:\\DSS Tài liệu\\Đồ án cuối kỳ\\backend\\node_api\\node_modules\\express-rate-limit\\dist\\index.cjs:999:7\n    at processTicksAndRejections (node:internal/process/task_queues:105:5)\n    at E:\\DSS Tài liệu\\Đồ án cuối kỳ\\backend\\node_api\\node_modules\\express-rate-limit\\dist\\index.cjs:854:5","timestamp":"2026-07-08 13:58:31"}
{"level":"warn","message":"ML Service request failed (Attempt 1/3): ","service":"dss-api","timestamp":"2026-07-08 13:58:31"}
{"level":"warn","message":"ML Service request failed (Attempt 2/3): ","service":"dss-api","timestamp":"2026-07-08 13:58:32"}
{"level":"warn","message":"ML Service request failed (Attempt 3/3): ","service":"dss-api","timestamp":"2026-07-08 13:58:34"}
{"level":"error","message":"ML Service error after 3 attempts: ","service":"dss-api","timestamp":"2026-07-08 13:58:34"}
{"error_code":"ML_SERVICE_ERROR","level":"error","message":"ML Service error after 3 attempts: ","request":{"ip":"::ffff:127.0.0.1","method":"GET","url":"/api/forecast/123","user_id":1},"service":"dss-api","stack":"Error: ML Service error after 3 attempts: \n    at exports.getForecast (E:\\DSS Tài liệu\\Đồ án cuối kỳ\\backend\\node_api\\src\\controllers\\forecast.controller.js:26:14)\n    at processTicksAndRejections (node:internal/process/task_queues:105:5)","timestamp":"2026-07-08 13:58:34"}
{"level":"warn","message":"ML Service request failed (Attempt 1/3): Network Error","service":"dss-api","timestamp":"2026-07-08 13:58:46"}
{"level":"warn","message":"ML Service request failed (Attempt 2/3): Timeout","service":"dss-api","timestamp":"2026-07-08 13:58:46"}
{"level":"warn","message":"ML Service request failed (Attempt 1/3): Fatal Error","service":"dss-api","timestamp":"2026-07-08 13:58:46"}
{"level":"warn","message":"ML Service request failed (Attempt 2/3): Fatal Error","service":"dss-api","timestamp":"2026-07-08 13:58:46"}
{"level":"warn","message":"ML Service request failed (Attempt 3/3): Fatal Error","service":"dss-api","timestamp":"2026-07-08 13:58:46"}
{"level":"error","message":"ML Service error after 3 attempts: Fatal Error","service":"dss-api","timestamp":"2026-07-08 13:58:46"}
{"error_code":"VALIDATION_ERROR","level":"error","message":"\"annualDemand\" is required","request":{"body":{},"ip":"::ffff:127.0.0.1","method":"POST","url":"/api/inventory/calculate-eoq","user_id":1},"service":"dss-api","stack":"Error: \"annualDemand\" is required\n    at calculateEOQ (E:\\DSS Tài liệu\\Đồ án cuối kỳ\\backend\\node_api\\src\\controllers\\inventory.controller.js:9:26)\n    at Layer.handleRequest (E:\\DSS Tài liệu\\Đồ án cuối kỳ\\backend\\node_api\\node_modules\\router\\lib\\layer.js:152:17)\n    at next (E:\\DSS Tài liệu\\Đồ án cuối kỳ\\backend\\node_api\\node_modules\\router\\lib\\route.js:157:13)\n    at next (E:\\DSS Tài liệu\\Đồ án cuối kỳ\\backend\\node_api\\src\\middlewares\\roleGuard.js:14:20)\n    at Layer.handleRequest (E:\\DSS Tài liệu\\Đồ án cuối kỳ\\backend\\node_api\\node_modules\\router\\lib\\layer.js:152:17)\n    at next (E:\\DSS Tài liệu\\Đồ án cuối kỳ\\backend\\node_api\\node_modules\\router\\lib\\route.js:157:13)\n    at Route.dispatch (E:\\DSS Tài liệu\\Đồ án cuối kỳ\\backend\\node_api\\node_modules\\router\\lib\\route.js:117:3)\n    at handle (E:\\DSS Tài liệu\\Đồ án cuối kỳ\\backend\\node_api\\node_modules\\router\\index.js:435:11)\n    at Layer.handleRequest (E:\\DSS Tài liệu\\Đồ án cuối kỳ\\backend\\node_api\\node_modules\\router\\lib\\layer.js:152:17)\n    at E:\\DSS Tài liệu\\Đồ án cuối kỳ\\backend\\node_api\\node_modules\\router\\index.js:295:15\n    at processParams (E:\\DSS Tài liệu\\Đồ án cuối kỳ\\backend\\node_api\\node_modules\\router\\index.js:582:12)\n    at next (E:\\DSS Tài liệu\\Đồ án cuối kỳ\\backend\\node_api\\node_modules\\router\\index.js:291:5)\n    at next (E:\\DSS Tài liệu\\Đồ án cuối kỳ\\backend\\node_api\\src\\middlewares\\auth.js:21:9)\n    at Layer.handleRequest (E:\\DSS Tài liệu\\Đồ án cuối kỳ\\backend\\node_api\\node_modules\\router\\lib\\layer.js:152:17)\n    at trimPrefix (E:\\DSS Tài liệu\\Đồ án cuối kỳ\\backend\\node_api\\node_modules\\router\\index.js:342:13)\n    at E:\\DSS Tài liệu\\Đồ án cuối kỳ\\backend\\node_api\\node_modules\\router\\index.js:297:9\n    at processParams (E:\\DSS Tài liệu\\Đồ án cuối kỳ\\backend\\node_api\\node_modules\\router\\index.js:582:12)\n    at next (E:\\DSS Tài liệu\\Đồ án cuối kỳ\\backend\\node_api\\node_modules\\router\\index.js:291:5)\n    at router.handle (E:\\DSS Tài liệu\\Đồ án cuối kỳ\\backend\\node_api\\node_modules\\router\\index.js:186:3)\n    at router (E:\\DSS Tài liệu\\Đồ án cuối kỳ\\backend\\node_api\\node_modules\\router\\index.js:60:12)\n    at Layer.handleRequest (E:\\DSS Tài liệu\\Đồ án cuối kỳ\\backend\\node_api\\node_modules\\router\\lib\\layer.js:152:17)\n    at trimPrefix (E:\\DSS Tài liệu\\Đồ án cuối kỳ\\backend\\node_api\\node_modules\\router\\index.js:342:13)\n    at E:\\DSS Tài liệu\\Đồ án cuối kỳ\\backend\\node_api\\node_modules\\router\\index.js:297:9\n    at processParams (E:\\DSS Tài liệu\\Đồ án cuối kỳ\\backend\\node_api\\node_modules\\router\\index.js:582:12)\n    at next (E:\\DSS Tài liệu\\Đồ án cuối kỳ\\backend\\node_api\\node_modules\\router\\index.js:291:5)\n    at E:\\DSS Tài liệu\\Đồ án cuối kỳ\\backend\\node_api\\node_modules\\express-rate-limit\\dist\\index.cjs:999:7\n    at processTicksAndRejections (node:internal/process/task_queues:105:5)\n    at E:\\DSS Tài liệu\\Đồ án cuối kỳ\\backend\\node_api\\node_modules\\express-rate-limit\\dist\\index.cjs:854:5","timestamp":"2026-07-08 13:58:46"}
{"error_code":"VALIDATION_ERROR","level":"error","message":"Yêu cầu productId trong query parameter","request":{"ip":"::ffff:127.0.0.1","method":"GET","url":"/api/suppliers/ranking","user_id":1},"service":"dss-api","stack":"Error: Yêu cầu productId trong query parameter\n    at getRanking (E:\\DSS Tài liệu\\Đồ án cuối kỳ\\backend\\node_api\\src\\controllers\\supplier.controller.js:74:19)\n    at Layer.handleRequest (E:\\DSS Tài liệu\\Đồ án cuối kỳ\\backend\\node_api\\node_modules\\router\\lib\\layer.js:152:17)\n    at next (E:\\DSS Tài liệu\\Đồ án cuối kỳ\\backend\\node_api\\node_modules\\router\\lib\\route.js:157:13)\n    at Route.dispatch (E:\\DSS Tài liệu\\Đồ án cuối kỳ\\backend\\node_api\\node_modules\\router\\lib\\route.js:117:3)\n    at handle (E:\\DSS Tài liệu\\Đồ án cuối kỳ\\backend\\node_api\\node_modules\\router\\index.js:435:11)\n    at Layer.handleRequest (E:\\DSS Tài liệu\\Đồ án cuối kỳ\\backend\\node_api\\node_modules\\router\\lib\\layer.js:152:17)\n    at E:\\DSS Tài liệu\\Đồ án cuối kỳ\\backend\\node_api\\node_modules\\router\\index.js:295:15\n    at processParams (E:\\DSS Tài liệu\\Đồ án cuối kỳ\\backend\\node_api\\node_modules\\router\\index.js:582:12)\n    at next (E:\\DSS Tài liệu\\Đồ án cuối kỳ\\backend\\node_api\\node_modules\\router\\index.js:291:5)\n    at next (E:\\DSS Tài liệu\\Đồ án cuối kỳ\\backend\\node_api\\src\\middlewares\\auth.js:21:9)\n    at Layer.handleRequest (E:\\DSS Tài liệu\\Đồ án cuối kỳ\\backend\\node_api\\node_modules\\router\\lib\\layer.js:152:17)\n    at trimPrefix (E:\\DSS Tài liệu\\Đồ án cuối kỳ\\backend\\node_api\\node_modules\\router\\index.js:342:13)\n    at E:\\DSS Tài liệu\\Đồ án cuối kỳ\\backend\\node_api\\node_modules\\router\\index.js:297:9\n    at processParams (E:\\DSS Tài liệu\\Đồ án cuối kỳ\\backend\\node_api\\node_modules\\router\\index.js:582:12)\n    at next (E:\\DSS Tài liệu\\Đồ án cuối kỳ\\backend\\node_api\\node_modules\\router\\index.js:291:5)\n    at router.handle (E:\\DSS Tài liệu\\Đồ án cuối kỳ\\backend\\node_api\\node_modules\\router\\index.js:186:3)\n    at router (E:\\DSS Tài liệu\\Đồ án cuối kỳ\\backend\\node_api\\node_modules\\router\\index.js:60:12)\n    at Layer.handleRequest (E:\\DSS Tài liệu\\Đồ án cuối kỳ\\backend\\node_api\\node_modules\\router\\lib\\layer.js:152:17)\n    at trimPrefix (E:\\DSS Tài liệu\\Đồ án cuối kỳ\\backend\\node_api\\node_modules\\router\\index.js:342:13)\n    at E:\\DSS Tài liệu\\Đồ án cuối kỳ\\backend\\node_api\\node_modules\\router\\index.js:297:9\n    at processParams (E:\\DSS Tài liệu\\Đồ án cuối kỳ\\backend\\node_api\\node_modules\\router\\index.js:582:12)\n    at next (E:\\DSS Tài liệu\\Đồ án cuối kỳ\\backend\\node_api\\node_modules\\router\\index.js:291:5)\n    at E:\\DSS Tài liệu\\Đồ án cuối kỳ\\backend\\node_api\\node_modules\\express-rate-limit\\dist\\index.cjs:999:7\n    at processTicksAndRejections (node:internal/process/task_queues:105:5)\n    at E:\\DSS Tài liệu\\Đồ án cuối kỳ\\backend\\node_api\\node_modules\\express-rate-limit\\dist\\index.cjs:854:5","timestamp":"2026-07-08 13:58:46"}
{"level":"warn","message":"ML Service request failed (Attempt 1/3): ","service":"dss-api","timestamp":"2026-07-08 13:58:46"}
{"level":"warn","message":"ML Service request failed (Attempt 2/3): ","service":"dss-api","timestamp":"2026-07-08 13:58:47"}
{"level":"warn","message":"ML Service request failed (Attempt 3/3): ","service":"dss-api","timestamp":"2026-07-08 13:58:49"}
{"level":"error","message":"ML Service error after 3 attempts: ","service":"dss-api","timestamp":"2026-07-08 13:58:49"}
{"error_code":"ML_SERVICE_ERROR","level":"error","message":"ML Service error after 3 attempts: ","request":{"ip":"::ffff:127.0.0.1","method":"GET","url":"/api/forecast/123","user_id":1},"service":"dss-api","stack":"Error: ML Service error after 3 attempts: \n    at exports.getForecast (E:\\DSS Tài liệu\\Đồ án cuối kỳ\\backend\\node_api\\src\\controllers\\forecast.controller.js:26:14)\n    at processTicksAndRejections (node:internal/process/task_queues:105:5)","timestamp":"2026-07-08 13:58:49"}
{"level":"warn","message":"ML Service request failed (Attempt 1/3): Network Error","service":"dss-api","timestamp":"2026-07-08 13:59:10"}
{"level":"warn","message":"ML Service request failed (Attempt 2/3): Timeout","service":"dss-api","timestamp":"2026-07-08 13:59:10"}
{"level":"warn","message":"ML Service request failed (Attempt 1/3): Fatal Error","service":"dss-api","timestamp":"2026-07-08 13:59:10"}
{"level":"warn","message":"ML Service request failed (Attempt 2/3): Fatal Error","service":"dss-api","timestamp":"2026-07-08 13:59:10"}
{"level":"warn","message":"ML Service request failed (Attempt 3/3): Fatal Error","service":"dss-api","timestamp":"2026-07-08 13:59:10"}
{"level":"error","message":"ML Service error after 3 attempts: Fatal Error","service":"dss-api","timestamp":"2026-07-08 13:59:10"}
{"error_code":"VALIDATION_ERROR","level":"error","message":"\"annualDemand\" is required","request":{"body":{},"ip":"::ffff:127.0.0.1","method":"POST","url":"/api/inventory/calculate-eoq","user_id":1},"service":"dss-api","stack":"Error: \"annualDemand\" is required\n    at calculateEOQ (E:\\DSS Tài liệu\\Đồ án cuối kỳ\\backend\\node_api\\src\\controllers\\inventory.controller.js:9:26)\n    at Layer.handleRequest (E:\\DSS Tài liệu\\Đồ án cuối kỳ\\backend\\node_api\\node_modules\\router\\lib\\layer.js:152:17)\n    at next (E:\\DSS Tài liệu\\Đồ án cuối kỳ\\backend\\node_api\\node_modules\\router\\lib\\route.js:157:13)\n    at next (E:\\DSS Tài liệu\\Đồ án cuối kỳ\\backend\\node_api\\src\\middlewares\\roleGuard.js:14:20)\n    at Layer.handleRequest (E:\\DSS Tài liệu\\Đồ án cuối kỳ\\backend\\node_api\\node_modules\\router\\lib\\layer.js:152:17)\n    at next (E:\\DSS Tài liệu\\Đồ án cuối kỳ\\backend\\node_api\\node_modules\\router\\lib\\route.js:157:13)\n    at Route.dispatch (E:\\DSS Tài liệu\\Đồ án cuối kỳ\\backend\\node_api\\node_modules\\router\\lib\\route.js:117:3)\n    at handle (E:\\DSS Tài liệu\\Đồ án cuối kỳ\\backend\\node_api\\node_modules\\router\\index.js:435:11)\n    at Layer.handleRequest (E:\\DSS Tài liệu\\Đồ án cuối kỳ\\backend\\node_api\\node_modules\\router\\lib\\layer.js:152:17)\n    at E:\\DSS Tài liệu\\Đồ án cuối kỳ\\backend\\node_api\\node_modules\\router\\index.js:295:15\n    at processParams (E:\\DSS Tài liệu\\Đồ án cuối kỳ\\backend\\node_api\\node_modules\\router\\index.js:582:12)\n    at next (E:\\DSS Tài liệu\\Đồ án cuối kỳ\\backend\\node_api\\node_modules\\router\\index.js:291:5)\n    at next (E:\\DSS Tài liệu\\Đồ án cuối kỳ\\backend\\node_api\\src\\middlewares\\auth.js:21:9)\n    at Layer.handleRequest (E:\\DSS Tài liệu\\Đồ án cuối kỳ\\backend\\node_api\\node_modules\\router\\lib\\layer.js:152:17)\n    at trimPrefix (E:\\DSS Tài liệu\\Đồ án cuối kỳ\\backend\\node_api\\node_modules\\router\\index.js:342:13)\n    at E:\\DSS Tài liệu\\Đồ án cuối kỳ\\backend\\node_api\\node_modules\\router\\index.js:297:9\n    at processParams (E:\\DSS Tài liệu\\Đồ án cuối kỳ\\backend\\node_api\\node_modules\\router\\index.js:582:12)\n    at next (E:\\DSS Tài liệu\\Đồ án cuối kỳ\\backend\\node_api\\node_modules\\router\\index.js:291:5)\n    at router.handle (E:\\DSS Tài liệu\\Đồ án cuối kỳ\\backend\\node_api\\node_modules\\router\\index.js:186:3)\n    at router (E:\\DSS Tài liệu\\Đồ án cuối kỳ\\backend\\node_api\\node_modules\\router\\index.js:60:12)\n    at Layer.handleRequest (E:\\DSS Tài liệu\\Đồ án cuối kỳ\\backend\\node_api\\node_modules\\router\\lib\\layer.js:152:17)\n    at trimPrefix (E:\\DSS Tài liệu\\Đồ án cuối kỳ\\backend\\node_api\\node_modules\\router\\index.js:342:13)\n    at E:\\DSS Tài liệu\\Đồ án cuối kỳ\\backend\\node_api\\node_modules\\router\\index.js:297:9\n    at processParams (E:\\DSS Tài liệu\\Đồ án cuối kỳ\\backend\\node_api\\node_modules\\router\\index.js:582:12)\n    at next (E:\\DSS Tài liệu\\Đồ án cuối kỳ\\backend\\node_api\\node_modules\\router\\index.js:291:5)\n    at E:\\DSS Tài liệu\\Đồ án cuối kỳ\\backend\\node_api\\node_modules\\express-rate-limit\\dist\\index.cjs:999:7\n    at processTicksAndRejections (node:internal/process/task_queues:105:5)\n    at E:\\DSS Tài liệu\\Đồ án cuối kỳ\\backend\\node_api\\node_modules\\express-rate-limit\\dist\\index.cjs:854:5","timestamp":"2026-07-08 13:59:10"}
{"error_code":"VALIDATION_ERROR","level":"error","message":"Yêu cầu productId trong query parameter","request":{"ip":"::ffff:127.0.0.1","method":"GET","url":"/api/suppliers/ranking","user_id":1},"service":"dss-api","stack":"Error: Yêu cầu productId trong query parameter\n    at getRanking (E:\\DSS Tài liệu\\Đồ án cuối kỳ\\backend\\node_api\\src\\controllers\\supplier.controller.js:74:19)\n    at Layer.handleRequest (E:\\DSS Tài liệu\\Đồ án cuối kỳ\\backend\\node_api\\node_modules\\router\\lib\\layer.js:152:17)\n    at next (E:\\DSS Tài liệu\\Đồ án cuối kỳ\\backend\\node_api\\node_modules\\router\\lib\\route.js:157:13)\n    at Route.dispatch (E:\\DSS Tài liệu\\Đồ án cuối kỳ\\backend\\node_api\\node_modules\\router\\lib\\route.js:117:3)\n    at handle (E:\\DSS Tài liệu\\Đồ án cuối kỳ\\backend\\node_api\\node_modules\\router\\index.js:435:11)\n    at Layer.handleRequest (E:\\DSS Tài liệu\\Đồ án cuối kỳ\\backend\\node_api\\node_modules\\router\\lib\\layer.js:152:17)\n    at E:\\DSS Tài liệu\\Đồ án cuối kỳ\\backend\\node_api\\node_modules\\router\\index.js:295:15\n    at processParams (E:\\DSS Tài liệu\\Đồ án cuối kỳ\\backend\\node_api\\node_modules\\router\\index.js:582:12)\n    at next (E:\\DSS Tài liệu\\Đồ án cuối kỳ\\backend\\node_api\\node_modules\\router\\index.js:291:5)\n    at next (E:\\DSS Tài liệu\\Đồ án cuối kỳ\\backend\\node_api\\src\\middlewares\\auth.js:21:9)\n    at Layer.handleRequest (E:\\DSS Tài liệu\\Đồ án cuối kỳ\\backend\\node_api\\node_modules\\router\\lib\\layer.js:152:17)\n    at trimPrefix (E:\\DSS Tài liệu\\Đồ án cuối kỳ\\backend\\node_api\\node_modules\\router\\index.js:342:13)\n    at E:\\DSS Tài liệu\\Đồ án cuối kỳ\\backend\\node_api\\node_modules\\router\\index.js:297:9\n    at processParams (E:\\DSS Tài liệu\\Đồ án cuối kỳ\\backend\\node_api\\node_modules\\router\\index.js:582:12)\n    at next (E:\\DSS Tài liệu\\Đồ án cuối kỳ\\backend\\node_api\\node_modules\\router\\index.js:291:5)\n    at router.handle (E:\\DSS Tài liệu\\Đồ án cuối kỳ\\backend\\node_api\\node_modules\\router\\index.js:186:3)\n    at router (E:\\DSS Tài liệu\\Đồ án cuối kỳ\\backend\\node_api\\node_modules\\router\\index.js:60:12)\n    at Layer.handleRequest (E:\\DSS Tài liệu\\Đồ án cuối kỳ\\backend\\node_api\\node_modules\\router\\lib\\layer.js:152:17)\n    at trimPrefix (E:\\DSS Tài liệu\\Đồ án cuối kỳ\\backend\\node_api\\node_modules\\router\\index.js:342:13)\n    at E:\\DSS Tài liệu\\Đồ án cuối kỳ\\backend\\node_api\\node_modules\\router\\index.js:297:9\n    at processParams (E:\\DSS Tài liệu\\Đồ án cuối kỳ\\backend\\node_api\\node_modules\\router\\index.js:582:12)\n    at next (E:\\DSS Tài liệu\\Đồ án cuối kỳ\\backend\\node_api\\node_modules\\router\\index.js:291:5)\n    at E:\\DSS Tài liệu\\Đồ án cuối kỳ\\backend\\node_api\\node_modules\\express-rate-limit\\dist\\index.cjs:999:7\n    at processTicksAndRejections (node:internal/process/task_queues:105:5)\n    at E:\\DSS Tài liệu\\Đồ án cuối kỳ\\backend\\node_api\\node_modules\\express-rate-limit\\dist\\index.cjs:854:5","timestamp":"2026-07-08 13:59:10"}
{"level":"warn","message":"ML Service request failed (Attempt 1/3): ","service":"dss-api","timestamp":"2026-07-08 13:59:10"}
{"level":"warn","message":"ML Service request failed (Attempt 2/3): ","service":"dss-api","timestamp":"2026-07-08 13:59:11"}
{"level":"warn","message":"ML Service request failed (Attempt 3/3): ","service":"dss-api","timestamp":"2026-07-08 13:59:13"}
{"level":"error","message":"ML Service error after 3 attempts: ","service":"dss-api","timestamp":"2026-07-08 13:59:13"}
{"error_code":"ML_SERVICE_ERROR","level":"error","message":"ML Service error after 3 attempts: ","request":{"ip":"::ffff:127.0.0.1","method":"GET","url":"/api/forecast/123","user_id":1},"service":"dss-api","stack":"Error: ML Service error after 3 attempts: \n    at exports.getForecast (E:\\DSS Tài liệu\\Đồ án cuối kỳ\\backend\\node_api\\src\\controllers\\forecast.controller.js:26:14)\n    at processTicksAndRejections (node:internal/process/task_queues:105:5)","timestamp":"2026-07-08 13:59:13"}
{"level":"warn","message":"ML Service request failed (Attempt 1/3): Network Error","service":"dss-api","timestamp":"2026-07-08 13:59:29"}
{"level":"warn","message":"ML Service request failed (Attempt 2/3): Timeout","service":"dss-api","timestamp":"2026-07-08 13:59:29"}
{"level":"warn","message":"ML Service request failed (Attempt 1/3): Fatal Error","service":"dss-api","timestamp":"2026-07-08 13:59:29"}
{"level":"warn","message":"ML Service request failed (Attempt 2/3): Fatal Error","service":"dss-api","timestamp":"2026-07-08 13:59:29"}
{"level":"warn","message":"ML Service request failed (Attempt 3/3): Fatal Error","service":"dss-api","timestamp":"2026-07-08 13:59:29"}
{"level":"error","message":"ML Service error after 3 attempts: Fatal Error","service":"dss-api","timestamp":"2026-07-08 13:59:29"}
{"error_code":"VALIDATION_ERROR","level":"error","message":"\"annualDemand\" is required","request":{"body":{},"ip":"::ffff:127.0.0.1","method":"POST","url":"/api/inventory/calculate-eoq","user_id":1},"service":"dss-api","stack":"Error: \"annualDemand\" is required\n    at calculateEOQ (E:\\DSS Tài liệu\\Đồ án cuối kỳ\\backend\\node_api\\src\\controllers\\inventory.controller.js:9:26)\n    at Layer.handleRequest (E:\\DSS Tài liệu\\Đồ án cuối kỳ\\backend\\node_api\\node_modules\\router\\lib\\layer.js:152:17)\n    at next (E:\\DSS Tài liệu\\Đồ án cuối kỳ\\backend\\node_api\\node_modules\\router\\lib\\route.js:157:13)\n    at next (E:\\DSS Tài liệu\\Đồ án cuối kỳ\\backend\\node_api\\src\\middlewares\\roleGuard.js:14:20)\n    at Layer.handleRequest (E:\\DSS Tài liệu\\Đồ án cuối kỳ\\backend\\node_api\\node_modules\\router\\lib\\layer.js:152:17)\n    at next (E:\\DSS Tài liệu\\Đồ án cuối kỳ\\backend\\node_api\\node_modules\\router\\lib\\route.js:157:13)\n    at Route.dispatch (E:\\DSS Tài liệu\\Đồ án cuối kỳ\\backend\\node_api\\node_modules\\router\\lib\\route.js:117:3)\n    at handle (E:\\DSS Tài liệu\\Đồ án cuối kỳ\\backend\\node_api\\node_modules\\router\\index.js:435:11)\n    at Layer.handleRequest (E:\\DSS Tài liệu\\Đồ án cuối kỳ\\backend\\node_api\\node_modules\\router\\lib\\layer.js:152:17)\n    at E:\\DSS Tài liệu\\Đồ án cuối kỳ\\backend\\node_api\\node_modules\\router\\index.js:295:15\n    at processParams (E:\\DSS Tài liệu\\Đồ án cuối kỳ\\backend\\node_api\\node_modules\\router\\index.js:582:12)\n    at next (E:\\DSS Tài liệu\\Đồ án cuối kỳ\\backend\\node_api\\node_modules\\router\\index.js:291:5)\n    at next (E:\\DSS Tài liệu\\Đồ án cuối kỳ\\backend\\node_api\\src\\middlewares\\auth.js:21:9)\n    at Layer.handleRequest (E:\\DSS Tài liệu\\Đồ án cuối kỳ\\backend\\node_api\\node_modules\\router\\lib\\layer.js:152:17)\n    at trimPrefix (E:\\DSS Tài liệu\\Đồ án cuối kỳ\\backend\\node_api\\node_modules\\router\\index.js:342:13)\n    at E:\\DSS Tài liệu\\Đồ án cuối kỳ\\backend\\node_api\\node_modules\\router\\index.js:297:9\n    at processParams (E:\\DSS Tài liệu\\Đồ án cuối kỳ\\backend\\node_api\\node_modules\\router\\index.js:582:12)\n    at next (E:\\DSS Tài liệu\\Đồ án cuối kỳ\\backend\\node_api\\node_modules\\router\\index.js:291:5)\n    at router.handle (E:\\DSS Tài liệu\\Đồ án cuối kỳ\\backend\\node_api\\node_modules\\router\\index.js:186:3)\n    at router (E:\\DSS Tài liệu\\Đồ án cuối kỳ\\backend\\node_api\\node_modules\\router\\index.js:60:12)\n    at Layer.handleRequest (E:\\DSS Tài liệu\\Đồ án cuối kỳ\\backend\\node_api\\node_modules\\router\\lib\\layer.js:152:17)\n    at trimPrefix (E:\\DSS Tài liệu\\Đồ án cuối kỳ\\backend\\node_api\\node_modules\\router\\index.js:342:13)\n    at E:\\DSS Tài liệu\\Đồ án cuối kỳ\\backend\\node_api\\node_modules\\router\\index.js:297:9\n    at processParams (E:\\DSS Tài liệu\\Đồ án cuối kỳ\\backend\\node_api\\node_modules\\router\\index.js:582:12)\n    at next (E:\\DSS Tài liệu\\Đồ án cuối kỳ\\backend\\node_api\\node_modules\\router\\index.js:291:5)\n    at E:\\DSS Tài liệu\\Đồ án cuối kỳ\\backend\\node_api\\node_modules\\express-rate-limit\\dist\\index.cjs:999:7\n    at processTicksAndRejections (node:internal/process/task_queues:105:5)\n    at E:\\DSS Tài liệu\\Đồ án cuối kỳ\\backend\\node_api\\node_modules\\express-rate-limit\\dist\\index.cjs:854:5","timestamp":"2026-07-08 13:59:30"}
{"error_code":"VALIDATION_ERROR","level":"error","message":"Yêu cầu productId trong query parameter","request":{"ip":"::ffff:127.0.0.1","method":"GET","url":"/api/suppliers/ranking","user_id":1},"service":"dss-api","stack":"Error: Yêu cầu productId trong query parameter\n    at getRanking (E:\\DSS Tài liệu\\Đồ án cuối kỳ\\backend\\node_api\\src\\controllers\\supplier.controller.js:74:19)\n    at Layer.handleRequest (E:\\DSS Tài liệu\\Đồ án cuối kỳ\\backend\\node_api\\node_modules\\router\\lib\\layer.js:152:17)\n    at next (E:\\DSS Tài liệu\\Đồ án cuối kỳ\\backend\\node_api\\node_modules\\router\\lib\\route.js:157:13)\n    at Route.dispatch (E:\\DSS Tài liệu\\Đồ án cuối kỳ\\backend\\node_api\\node_modules\\router\\lib\\route.js:117:3)\n    at handle (E:\\DSS Tài liệu\\Đồ án cuối kỳ\\backend\\node_api\\node_modules\\router\\index.js:435:11)\n    at Layer.handleRequest (E:\\DSS Tài liệu\\Đồ án cuối kỳ\\backend\\node_api\\node_modules\\router\\lib\\layer.js:152:17)\n    at E:\\DSS Tài liệu\\Đồ án cuối kỳ\\backend\\node_api\\node_modules\\router\\index.js:295:15\n    at processParams (E:\\DSS Tài liệu\\Đồ án cuối kỳ\\backend\\node_api\\node_modules\\router\\index.js:582:12)\n    at next (E:\\DSS Tài liệu\\Đồ án cuối kỳ\\backend\\node_api\\node_modules\\router\\index.js:291:5)\n    at next (E:\\DSS Tài liệu\\Đồ án cuối kỳ\\backend\\node_api\\src\\middlewares\\auth.js:21:9)\n    at Layer.handleRequest (E:\\DSS Tài liệu\\Đồ án cuối kỳ\\backend\\node_api\\node_modules\\router\\lib\\layer.js:152:17)\n    at trimPrefix (E:\\DSS Tài liệu\\Đồ án cuối kỳ\\backend\\node_api\\node_modules\\router\\index.js:342:13)\n    at E:\\DSS Tài liệu\\Đồ án cuối kỳ\\backend\\node_api\\node_modules\\router\\index.js:297:9\n    at processParams (E:\\DSS Tài liệu\\Đồ án cuối kỳ\\backend\\node_api\\node_modules\\router\\index.js:582:12)\n    at next (E:\\DSS Tài liệu\\Đồ án cuối kỳ\\backend\\node_api\\node_modules\\router\\index.js:291:5)\n    at router.handle (E:\\DSS Tài liệu\\Đồ án cuối kỳ\\backend\\node_api\\node_modules\\router\\index.js:186:3)\n    at router (E:\\DSS Tài liệu\\Đồ án cuối kỳ\\backend\\node_api\\node_modules\\router\\index.js:60:12)\n    at Layer.handleRequest (E:\\DSS Tài liệu\\Đồ án cuối kỳ\\backend\\node_api\\node_modules\\router\\lib\\layer.js:152:17)\n    at trimPrefix (E:\\DSS Tài liệu\\Đồ án cuối kỳ\\backend\\node_api\\node_modules\\router\\index.js:342:13)\n    at E:\\DSS Tài liệu\\Đồ án cuối kỳ\\backend\\node_api\\node_modules\\router\\index.js:297:9\n    at processParams (E:\\DSS Tài liệu\\Đồ án cuối kỳ\\backend\\node_api\\node_modules\\router\\index.js:582:12)\n    at next (E:\\DSS Tài liệu\\Đồ án cuối kỳ\\backend\\node_api\\node_modules\\router\\index.js:291:5)\n    at E:\\DSS Tài liệu\\Đồ án cuối kỳ\\backend\\node_api\\node_modules\\express-rate-limit\\dist\\index.cjs:999:7\n    at processTicksAndRejections (node:internal/process/task_queues:105:5)\n    at E:\\DSS Tài liệu\\Đồ án cuối kỳ\\backend\\node_api\\node_modules\\express-rate-limit\\dist\\index.cjs:854:5","timestamp":"2026-07-08 13:59:30"}
{"level":"warn","message":"ML Service request failed (Attempt 1/3): ","service":"dss-api","timestamp":"2026-07-08 13:59:30"}
{"level":"warn","message":"ML Service request failed (Attempt 2/3): ","service":"dss-api","timestamp":"2026-07-08 13:59:31"}
{"level":"warn","message":"ML Service request failed (Attempt 3/3): ","service":"dss-api","timestamp":"2026-07-08 13:59:33"}
{"level":"error","message":"ML Service error after 3 attempts: ","service":"dss-api","timestamp":"2026-07-08 13:59:33"}
{"error_code":"ML_SERVICE_ERROR","level":"error","message":"ML Service error after 3 attempts: ","request":{"ip":"::ffff:127.0.0.1","method":"GET","url":"/api/forecast/123","user_id":1},"service":"dss-api","stack":"Error: ML Service error after 3 attempts: \n    at exports.getForecast (E:\\DSS Tài liệu\\Đồ án cuối kỳ\\backend\\node_api\\src\\controllers\\forecast.controller.js:26:14)\n    at processTicksAndRejections (node:internal/process/task_queues:105:5)","timestamp":"2026-07-08 13:59:33"}
{"level":"warn","message":"ML Service request failed (Attempt 1/3): Network Error","service":"dss-api","timestamp":"2026-07-08 14:01:35"}
{"level":"warn","message":"ML Service request failed (Attempt 2/3): Timeout","service":"dss-api","timestamp":"2026-07-08 14:01:35"}
{"level":"warn","message":"ML Service request failed (Attempt 1/3): Fatal Error","service":"dss-api","timestamp":"2026-07-08 14:01:35"}
{"level":"warn","message":"ML Service request failed (Attempt 2/3): Fatal Error","service":"dss-api","timestamp":"2026-07-08 14:01:35"}
{"level":"warn","message":"ML Service request failed (Attempt 3/3): Fatal Error","service":"dss-api","timestamp":"2026-07-08 14:01:35"}
{"level":"error","message":"ML Service error after 3 attempts: Fatal Error","service":"dss-api","timestamp":"2026-07-08 14:01:35"}
{"error_code":"VALIDATION_ERROR","level":"error","message":"\"annualDemand\" is required","request":{"body":{},"ip":"::ffff:127.0.0.1","method":"POST","url":"/api/inventory/calculate-eoq","user_id":1},"service":"dss-api","stack":"Error: \"annualDemand\" is required\n    at calculateEOQ (E:\\DSS Tài liệu\\Đồ án cuối kỳ\\backend\\node_api\\src\\controllers\\inventory.controller.js:9:26)\n    at Layer.handleRequest (E:\\DSS Tài liệu\\Đồ án cuối kỳ\\backend\\node_api\\node_modules\\router\\lib\\layer.js:152:17)\n    at next (E:\\DSS Tài liệu\\Đồ án cuối kỳ\\backend\\node_api\\node_modules\\router\\lib\\route.js:157:13)\n    at next (E:\\DSS Tài liệu\\Đồ án cuối kỳ\\backend\\node_api\\src\\middlewares\\roleGuard.js:14:20)\n    at Layer.handleRequest (E:\\DSS Tài liệu\\Đồ án cuối kỳ\\backend\\node_api\\node_modules\\router\\lib\\layer.js:152:17)\n    at next (E:\\DSS Tài liệu\\Đồ án cuối kỳ\\backend\\node_api\\node_modules\\router\\lib\\route.js:157:13)\n    at Route.dispatch (E:\\DSS Tài liệu\\Đồ án cuối kỳ\\backend\\node_api\\node_modules\\router\\lib\\route.js:117:3)\n    at handle (E:\\DSS Tài liệu\\Đồ án cuối kỳ\\backend\\node_api\\node_modules\\router\\index.js:435:11)\n    at Layer.handleRequest (E:\\DSS Tài liệu\\Đồ án cuối kỳ\\backend\\node_api\\node_modules\\router\\lib\\layer.js:152:17)\n    at E:\\DSS Tài liệu\\Đồ án cuối kỳ\\backend\\node_api\\node_modules\\router\\index.js:295:15\n    at processParams (E:\\DSS Tài liệu\\Đồ án cuối kỳ\\backend\\node_api\\node_modules\\router\\index.js:582:12)\n    at next (E:\\DSS Tài liệu\\Đồ án cuối kỳ\\backend\\node_api\\node_modules\\router\\index.js:291:5)\n    at next (E:\\DSS Tài liệu\\Đồ án cuối kỳ\\backend\\node_api\\src\\middlewares\\auth.js:21:9)\n    at Layer.handleRequest (E:\\DSS Tài liệu\\Đồ án cuối kỳ\\backend\\node_api\\node_modules\\router\\lib\\layer.js:152:17)\n    at trimPrefix (E:\\DSS Tài liệu\\Đồ án cuối kỳ\\backend\\node_api\\node_modules\\router\\index.js:342:13)\n    at E:\\DSS Tài liệu\\Đồ án cuối kỳ\\backend\\node_api\\node_modules\\router\\index.js:297:9\n    at processParams (E:\\DSS Tài liệu\\Đồ án cuối kỳ\\backend\\node_api\\node_modules\\router\\index.js:582:12)\n    at next (E:\\DSS Tài liệu\\Đồ án cuối kỳ\\backend\\node_api\\node_modules\\router\\index.js:291:5)\n    at router.handle (E:\\DSS Tài liệu\\Đồ án cuối kỳ\\backend\\node_api\\node_modules\\router\\index.js:186:3)\n    at router (E:\\DSS Tài liệu\\Đồ án cuối kỳ\\backend\\node_api\\node_modules\\router\\index.js:60:12)\n    at Layer.handleRequest (E:\\DSS Tài liệu\\Đồ án cuối kỳ\\backend\\node_api\\node_modules\\router\\lib\\layer.js:152:17)\n    at trimPrefix (E:\\DSS Tài liệu\\Đồ án cuối kỳ\\backend\\node_api\\node_modules\\router\\index.js:342:13)\n    at E:\\DSS Tài liệu\\Đồ án cuối kỳ\\backend\\node_api\\node_modules\\router\\index.js:297:9\n    at processParams (E:\\DSS Tài liệu\\Đồ án cuối kỳ\\backend\\node_api\\node_modules\\router\\index.js:582:12)\n    at next (E:\\DSS Tài liệu\\Đồ án cuối kỳ\\backend\\node_api\\node_modules\\router\\index.js:291:5)\n    at E:\\DSS Tài liệu\\Đồ án cuối kỳ\\backend\\node_api\\node_modules\\express-rate-limit\\dist\\index.cjs:999:7\n    at processTicksAndRejections (node:internal/process/task_queues:105:5)\n    at E:\\DSS Tài liệu\\Đồ án cuối kỳ\\backend\\node_api\\node_modules\\express-rate-limit\\dist\\index.cjs:854:5","timestamp":"2026-07-08 14:01:36"}
{"error_code":"VALIDATION_ERROR","level":"error","message":"Yêu cầu productId trong query parameter","request":{"ip":"::ffff:127.0.0.1","method":"GET","url":"/api/suppliers/ranking","user_id":1},"service":"dss-api","stack":"Error: Yêu cầu productId trong query parameter\n    at getRanking (E:\\DSS Tài liệu\\Đồ án cuối kỳ\\backend\\node_api\\src\\controllers\\supplier.controller.js:74:19)\n    at Layer.handleRequest (E:\\DSS Tài liệu\\Đồ án cuối kỳ\\backend\\node_api\\node_modules\\router\\lib\\layer.js:152:17)\n    at next (E:\\DSS Tài liệu\\Đồ án cuối kỳ\\backend\\node_api\\node_modules\\router\\lib\\route.js:157:13)\n    at Route.dispatch (E:\\DSS Tài liệu\\Đồ án cuối kỳ\\backend\\node_api\\node_modules\\router\\lib\\route.js:117:3)\n    at handle (E:\\DSS Tài liệu\\Đồ án cuối kỳ\\backend\\node_api\\node_modules\\router\\index.js:435:11)\n    at Layer.handleRequest (E:\\DSS Tài liệu\\Đồ án cuối kỳ\\backend\\node_api\\node_modules\\router\\lib\\layer.js:152:17)\n    at E:\\DSS Tài liệu\\Đồ án cuối kỳ\\backend\\node_api\\node_modules\\router\\index.js:295:15\n    at processParams (E:\\DSS Tài liệu\\Đồ án cuối kỳ\\backend\\node_api\\node_modules\\router\\index.js:582:12)\n    at next (E:\\DSS Tài liệu\\Đồ án cuối kỳ\\backend\\node_api\\node_modules\\router\\index.js:291:5)\n    at next (E:\\DSS Tài liệu\\Đồ án cuối kỳ\\backend\\node_api\\src\\middlewares\\auth.js:21:9)\n    at Layer.handleRequest (E:\\DSS Tài liệu\\Đồ án cuối kỳ\\backend\\node_api\\node_modules\\router\\lib\\layer.js:152:17)\n    at trimPrefix (E:\\DSS Tài liệu\\Đồ án cuối kỳ\\backend\\node_api\\node_modules\\router\\index.js:342:13)\n    at E:\\DSS Tài liệu\\Đồ án cuối kỳ\\backend\\node_api\\node_modules\\router\\index.js:297:9\n    at processParams (E:\\DSS Tài liệu\\Đồ án cuối kỳ\\backend\\node_api\\node_modules\\router\\index.js:582:12)\n    at next (E:\\DSS Tài liệu\\Đồ án cuối kỳ\\backend\\node_api\\node_modules\\router\\index.js:291:5)\n    at router.handle (E:\\DSS Tài liệu\\Đồ án cuối kỳ\\backend\\node_api\\node_modules\\router\\index.js:186:3)\n    at router (E:\\DSS Tài liệu\\Đồ án cuối kỳ\\backend\\node_api\\node_modules\\router\\index.js:60:12)\n    at Layer.handleRequest (E:\\DSS Tài liệu\\Đồ án cuối kỳ\\backend\\node_api\\node_modules\\router\\lib\\layer.js:152:17)\n    at trimPrefix (E:\\DSS Tài liệu\\Đồ án cuối kỳ\\backend\\node_api\\node_modules\\router\\index.js:342:13)\n    at E:\\DSS Tài liệu\\Đồ án cuối kỳ\\backend\\node_api\\node_modules\\router\\index.js:297:9\n    at processParams (E:\\DSS Tài liệu\\Đồ án cuối kỳ\\backend\\node_api\\node_modules\\router\\index.js:582:12)\n    at next (E:\\DSS Tài liệu\\Đồ án cuối kỳ\\backend\\node_api\\node_modules\\router\\index.js:291:5)\n    at E:\\DSS Tài liệu\\Đồ án cuối kỳ\\backend\\node_api\\node_modules\\express-rate-limit\\dist\\index.cjs:999:7\n    at processTicksAndRejections (node:internal/process/task_queues:105:5)\n    at E:\\DSS Tài liệu\\Đồ án cuối kỳ\\backend\\node_api\\node_modules\\express-rate-limit\\dist\\index.cjs:854:5","timestamp":"2026-07-08 14:01:36"}
{"level":"warn","message":"ML Service request failed (Attempt 1/3): ","service":"dss-api","timestamp":"2026-07-08 14:01:36"}
{"level":"warn","message":"ML Service request failed (Attempt 2/3): ","service":"dss-api","timestamp":"2026-07-08 14:01:37"}
{"level":"warn","message":"ML Service request failed (Attempt 3/3): ","service":"dss-api","timestamp":"2026-07-08 14:01:39"}
{"level":"error","message":"ML Service error after 3 attempts: ","service":"dss-api","timestamp":"2026-07-08 14:01:39"}
{"error_code":"ML_SERVICE_ERROR","level":"error","message":"ML Service error after 3 attempts: ","request":{"ip":"::ffff:127.0.0.1","method":"GET","url":"/api/forecast/123","user_id":1},"service":"dss-api","stack":"Error: ML Service error after 3 attempts: \n    at exports.getForecast (E:\\DSS Tài liệu\\Đồ án cuối kỳ\\backend\\node_api\\src\\controllers\\forecast.controller.js:26:14)\n    at processTicksAndRejections (node:internal/process/task_queues:105:5)","timestamp":"2026-07-08 14:01:39"}
{"level":"warn","message":"ML Service request failed (Attempt 1/3): Network Error","service":"dss-api","timestamp":"2026-07-08 14:01:53"}
{"level":"warn","message":"ML Service request failed (Attempt 2/3): Timeout","service":"dss-api","timestamp":"2026-07-08 14:01:53"}
{"level":"warn","message":"ML Service request failed (Attempt 1/3): Fatal Error","service":"dss-api","timestamp":"2026-07-08 14:01:53"}
{"level":"warn","message":"ML Service request failed (Attempt 2/3): Fatal Error","service":"dss-api","timestamp":"2026-07-08 14:01:53"}
{"level":"warn","message":"ML Service request failed (Attempt 3/3): Fatal Error","service":"dss-api","timestamp":"2026-07-08 14:01:53"}
{"level":"error","message":"ML Service error after 3 attempts: Fatal Error","service":"dss-api","timestamp":"2026-07-08 14:01:53"}
{"error_code":"VALIDATION_ERROR","level":"error","message":"\"annualDemand\" is required","request":{"body":{},"ip":"::ffff:127.0.0.1","method":"POST","url":"/api/inventory/calculate-eoq","user_id":1},"service":"dss-api","stack":"Error: \"annualDemand\" is required\n    at calculateEOQ (E:\\DSS Tài liệu\\Đồ án cuối kỳ\\backend\\node_api\\src\\controllers\\inventory.controller.js:9:26)\n    at Layer.handleRequest (E:\\DSS Tài liệu\\Đồ án cuối kỳ\\backend\\node_api\\node_modules\\router\\lib\\layer.js:152:17)\n    at next (E:\\DSS Tài liệu\\Đồ án cuối kỳ\\backend\\node_api\\node_modules\\router\\lib\\route.js:157:13)\n    at next (E:\\DSS Tài liệu\\Đồ án cuối kỳ\\backend\\node_api\\src\\middlewares\\roleGuard.js:14:20)\n    at Layer.handleRequest (E:\\DSS Tài liệu\\Đồ án cuối kỳ\\backend\\node_api\\node_modules\\router\\lib\\layer.js:152:17)\n    at next (E:\\DSS Tài liệu\\Đồ án cuối kỳ\\backend\\node_api\\node_modules\\router\\lib\\route.js:157:13)\n    at Route.dispatch (E:\\DSS Tài liệu\\Đồ án cuối kỳ\\backend\\node_api\\node_modules\\router\\lib\\route.js:117:3)\n    at handle (E:\\DSS Tài liệu\\Đồ án cuối kỳ\\backend\\node_api\\node_modules\\router\\index.js:435:11)\n    at Layer.handleRequest (E:\\DSS Tài liệu\\Đồ án cuối kỳ\\backend\\node_api\\node_modules\\router\\lib\\layer.js:152:17)\n    at E:\\DSS Tài liệu\\Đồ án cuối kỳ\\backend\\node_api\\node_modules\\router\\index.js:295:15\n    at processParams (E:\\DSS Tài liệu\\Đồ án cuối kỳ\\backend\\node_api\\node_modules\\router\\index.js:582:12)\n    at next (E:\\DSS Tài liệu\\Đồ án cuối kỳ\\backend\\node_api\\node_modules\\router\\index.js:291:5)\n    at next (E:\\DSS Tài liệu\\Đồ án cuối kỳ\\backend\\node_api\\src\\middlewares\\auth.js:21:9)\n    at Layer.handleRequest (E:\\DSS Tài liệu\\Đồ án cuối kỳ\\backend\\node_api\\node_modules\\router\\lib\\layer.js:152:17)\n    at trimPrefix (E:\\DSS Tài liệu\\Đồ án cuối kỳ\\backend\\node_api\\node_modules\\router\\index.js:342:13)\n    at E:\\DSS Tài liệu\\Đồ án cuối kỳ\\backend\\node_api\\node_modules\\router\\index.js:297:9\n    at processParams (E:\\DSS Tài liệu\\Đồ án cuối kỳ\\backend\\node_api\\node_modules\\router\\index.js:582:12)\n    at next (E:\\DSS Tài liệu\\Đồ án cuối kỳ\\backend\\node_api\\node_modules\\router\\index.js:291:5)\n    at router.handle (E:\\DSS Tài liệu\\Đồ án cuối kỳ\\backend\\node_api\\node_modules\\router\\index.js:186:3)\n    at router (E:\\DSS Tài liệu\\Đồ án cuối kỳ\\backend\\node_api\\node_modules\\router\\index.js:60:12)\n    at Layer.handleRequest (E:\\DSS Tài liệu\\Đồ án cuối kỳ\\backend\\node_api\\node_modules\\router\\lib\\layer.js:152:17)\n    at trimPrefix (E:\\DSS Tài liệu\\Đồ án cuối kỳ\\backend\\node_api\\node_modules\\router\\index.js:342:13)\n    at E:\\DSS Tài liệu\\Đồ án cuối kỳ\\backend\\node_api\\node_modules\\router\\index.js:297:9\n    at processParams (E:\\DSS Tài liệu\\Đồ án cuối kỳ\\backend\\node_api\\node_modules\\router\\index.js:582:12)\n    at next (E:\\DSS Tài liệu\\Đồ án cuối kỳ\\backend\\node_api\\node_modules\\router\\index.js:291:5)\n    at E:\\DSS Tài liệu\\Đồ án cuối kỳ\\backend\\node_api\\node_modules\\express-rate-limit\\dist\\index.cjs:999:7\n    at processTicksAndRejections (node:internal/process/task_queues:105:5)\n    at E:\\DSS Tài liệu\\Đồ án cuối kỳ\\backend\\node_api\\node_modules\\express-rate-limit\\dist\\index.cjs:854:5","timestamp":"2026-07-08 14:01:53"}
{"error_code":"VALIDATION_ERROR","level":"error","message":"Yêu cầu productId trong query parameter","request":{"ip":"::ffff:127.0.0.1","method":"GET","url":"/api/suppliers/ranking","user_id":1},"service":"dss-api","stack":"Error: Yêu cầu productId trong query parameter\n    at getRanking (E:\\DSS Tài liệu\\Đồ án cuối kỳ\\backend\\node_api\\src\\controllers\\supplier.controller.js:74:19)\n    at Layer.handleRequest (E:\\DSS Tài liệu\\Đồ án cuối kỳ\\backend\\node_api\\node_modules\\router\\lib\\layer.js:152:17)\n    at next (E:\\DSS Tài liệu\\Đồ án cuối kỳ\\backend\\node_api\\node_modules\\router\\lib\\route.js:157:13)\n    at Route.dispatch (E:\\DSS Tài liệu\\Đồ án cuối kỳ\\backend\\node_api\\node_modules\\router\\lib\\route.js:117:3)\n    at handle (E:\\DSS Tài liệu\\Đồ án cuối kỳ\\backend\\node_api\\node_modules\\router\\index.js:435:11)\n    at Layer.handleRequest (E:\\DSS Tài liệu\\Đồ án cuối kỳ\\backend\\node_api\\node_modules\\router\\lib\\layer.js:152:17)\n    at E:\\DSS Tài liệu\\Đồ án cuối kỳ\\backend\\node_api\\node_modules\\router\\index.js:295:15\n    at processParams (E:\\DSS Tài liệu\\Đồ án cuối kỳ\\backend\\node_api\\node_modules\\router\\index.js:582:12)\n    at next (E:\\DSS Tài liệu\\Đồ án cuối kỳ\\backend\\node_api\\node_modules\\router\\index.js:291:5)\n    at next (E:\\DSS Tài liệu\\Đồ án cuối kỳ\\backend\\node_api\\src\\middlewares\\auth.js:21:9)\n    at Layer.handleRequest (E:\\DSS Tài liệu\\Đồ án cuối kỳ\\backend\\node_api\\node_modules\\router\\lib\\layer.js:152:17)\n    at trimPrefix (E:\\DSS Tài liệu\\Đồ án cuối kỳ\\backend\\node_api\\node_modules\\router\\index.js:342:13)\n    at E:\\DSS Tài liệu\\Đồ án cuối kỳ\\backend\\node_api\\node_modules\\router\\index.js:297:9\n    at processParams (E:\\DSS Tài liệu\\Đồ án cuối kỳ\\backend\\node_api\\node_modules\\router\\index.js:582:12)\n    at next (E:\\DSS Tài liệu\\Đồ án cuối kỳ\\backend\\node_api\\node_modules\\router\\index.js:291:5)\n    at router.handle (E:\\DSS Tài liệu\\Đồ án cuối kỳ\\backend\\node_api\\node_modules\\router\\index.js:186:3)\n    at router (E:\\DSS Tài liệu\\Đồ án cuối kỳ\\backend\\node_api\\node_modules\\router\\index.js:60:12)\n    at Layer.handleRequest (E:\\DSS Tài liệu\\Đồ án cuối kỳ\\backend\\node_api\\node_modules\\router\\lib\\layer.js:152:17)\n    at trimPrefix (E:\\DSS Tài liệu\\Đồ án cuối kỳ\\backend\\node_api\\node_modules\\router\\index.js:342:13)\n    at E:\\DSS Tài liệu\\Đồ án cuối kỳ\\backend\\node_api\\node_modules\\router\\index.js:297:9\n    at processParams (E:\\DSS Tài liệu\\Đồ án cuối kỳ\\backend\\node_api\\node_modules\\router\\index.js:582:12)\n    at next (E:\\DSS Tài liệu\\Đồ án cuối kỳ\\backend\\node_api\\node_modules\\router\\index.js:291:5)\n    at E:\\DSS Tài liệu\\Đồ án cuối kỳ\\backend\\node_api\\node_modules\\express-rate-limit\\dist\\index.cjs:999:7\n    at processTicksAndRejections (node:internal/process/task_queues:105:5)\n    at E:\\DSS Tài liệu\\Đồ án cuối kỳ\\backend\\node_api\\node_modules\\express-rate-limit\\dist\\index.cjs:854:5","timestamp":"2026-07-08 14:01:53"}
{"level":"warn","message":"ML Service request failed (Attempt 1/3): ","service":"dss-api","timestamp":"2026-07-08 14:01:53"}
{"level":"warn","message":"ML Service request failed (Attempt 2/3): ","service":"dss-api","timestamp":"2026-07-08 14:01:54"}
{"level":"warn","message":"ML Service request failed (Attempt 3/3): ","service":"dss-api","timestamp":"2026-07-08 14:01:56"}
{"level":"error","message":"ML Service error after 3 attempts: ","service":"dss-api","timestamp":"2026-07-08 14:01:56"}
{"error_code":"ML_SERVICE_ERROR","level":"error","message":"ML Service error after 3 attempts: ","request":{"ip":"::ffff:127.0.0.1","method":"GET","url":"/api/forecast/123","user_id":1},"service":"dss-api","stack":"Error: ML Service error after 3 attempts: \n    at exports.getForecast (E:\\DSS Tài liệu\\Đồ án cuối kỳ\\backend\\node_api\\src\\controllers\\forecast.controller.js:26:14)\n    at processTicksAndRejections (node:internal/process/task_queues:105:5)","timestamp":"2026-07-08 14:01:56"}
{"level":"warn","message":"ML Service request failed (Attempt 1/3): Network Error","service":"dss-api","timestamp":"2026-07-08 14:02:26"}
{"level":"warn","message":"ML Service request failed (Attempt 2/3): Timeout","service":"dss-api","timestamp":"2026-07-08 14:02:26"}
{"level":"warn","message":"ML Service request failed (Attempt 1/3): Fatal Error","service":"dss-api","timestamp":"2026-07-08 14:02:26"}
{"level":"warn","message":"ML Service request failed (Attempt 2/3): Fatal Error","service":"dss-api","timestamp":"2026-07-08 14:02:26"}
{"level":"warn","message":"ML Service request failed (Attempt 3/3): Fatal Error","service":"dss-api","timestamp":"2026-07-08 14:02:26"}
{"level":"error","message":"ML Service error after 3 attempts: Fatal Error","service":"dss-api","timestamp":"2026-07-08 14:02:26"}
{"error_code":"VALIDATION_ERROR","level":"error","message":"\"annualDemand\" is required","request":{"body":{},"ip":"::ffff:127.0.0.1","method":"POST","url":"/api/inventory/calculate-eoq","user_id":1},"service":"dss-api","stack":"Error: \"annualDemand\" is required\n    at calculateEOQ (E:\\DSS Tài liệu\\Đồ án cuối kỳ\\backend\\node_api\\src\\controllers\\inventory.controller.js:9:26)\n    at Layer.handleRequest (E:\\DSS Tài liệu\\Đồ án cuối kỳ\\backend\\node_api\\node_modules\\router\\lib\\layer.js:152:17)\n    at next (E:\\DSS Tài liệu\\Đồ án cuối kỳ\\backend\\node_api\\node_modules\\router\\lib\\route.js:157:13)\n    at next (E:\\DSS Tài liệu\\Đồ án cuối kỳ\\backend\\node_api\\src\\middlewares\\roleGuard.js:14:20)\n    at Layer.handleRequest (E:\\DSS Tài liệu\\Đồ án cuối kỳ\\backend\\node_api\\node_modules\\router\\lib\\layer.js:152:17)\n    at next (E:\\DSS Tài liệu\\Đồ án cuối kỳ\\backend\\node_api\\node_modules\\router\\lib\\route.js:157:13)\n    at Route.dispatch (E:\\DSS Tài liệu\\Đồ án cuối kỳ\\backend\\node_api\\node_modules\\router\\lib\\route.js:117:3)\n    at handle (E:\\DSS Tài liệu\\Đồ án cuối kỳ\\backend\\node_api\\node_modules\\router\\index.js:435:11)\n    at Layer.handleRequest (E:\\DSS Tài liệu\\Đồ án cuối kỳ\\backend\\node_api\\node_modules\\router\\lib\\layer.js:152:17)\n    at E:\\DSS Tài liệu\\Đồ án cuối kỳ\\backend\\node_api\\node_modules\\router\\index.js:295:15\n    at processParams (E:\\DSS Tài liệu\\Đồ án cuối kỳ\\backend\\node_api\\node_modules\\router\\index.js:582:12)\n    at next (E:\\DSS Tài liệu\\Đồ án cuối kỳ\\backend\\node_api\\node_modules\\router\\index.js:291:5)\n    at next (E:\\DSS Tài liệu\\Đồ án cuối kỳ\\backend\\node_api\\src\\middlewares\\auth.js:21:9)\n    at Layer.handleRequest (E:\\DSS Tài liệu\\Đồ án cuối kỳ\\backend\\node_api\\node_modules\\router\\lib\\layer.js:152:17)\n    at trimPrefix (E:\\DSS Tài liệu\\Đồ án cuối kỳ\\backend\\node_api\\node_modules\\router\\index.js:342:13)\n    at E:\\DSS Tài liệu\\Đồ án cuối kỳ\\backend\\node_api\\node_modules\\router\\index.js:297:9\n    at processParams (E:\\DSS Tài liệu\\Đồ án cuối kỳ\\backend\\node_api\\node_modules\\router\\index.js:582:12)\n    at next (E:\\DSS Tài liệu\\Đồ án cuối kỳ\\backend\\node_api\\node_modules\\router\\index.js:291:5)\n    at router.handle (E:\\DSS Tài liệu\\Đồ án cuối kỳ\\backend\\node_api\\node_modules\\router\\index.js:186:3)\n    at router (E:\\DSS Tài liệu\\Đồ án cuối kỳ\\backend\\node_api\\node_modules\\router\\index.js:60:12)\n    at Layer.handleRequest (E:\\DSS Tài liệu\\Đồ án cuối kỳ\\backend\\node_api\\node_modules\\router\\lib\\layer.js:152:17)\n    at trimPrefix (E:\\DSS Tài liệu\\Đồ án cuối kỳ\\backend\\node_api\\node_modules\\router\\index.js:342:13)\n    at E:\\DSS Tài liệu\\Đồ án cuối kỳ\\backend\\node_api\\node_modules\\router\\index.js:297:9\n    at processParams (E:\\DSS Tài liệu\\Đồ án cuối kỳ\\backend\\node_api\\node_modules\\router\\index.js:582:12)\n    at next (E:\\DSS Tài liệu\\Đồ án cuối kỳ\\backend\\node_api\\node_modules\\router\\index.js:291:5)\n    at E:\\DSS Tài liệu\\Đồ án cuối kỳ\\backend\\node_api\\node_modules\\express-rate-limit\\dist\\index.cjs:999:7\n    at processTicksAndRejections (node:internal/process/task_queues:105:5)\n    at E:\\DSS Tài liệu\\Đồ án cuối kỳ\\backend\\node_api\\node_modules\\express-rate-limit\\dist\\index.cjs:854:5","timestamp":"2026-07-08 14:02:26"}
{"error_code":"VALIDATION_ERROR","level":"error","message":"Yêu cầu productId trong query parameter","request":{"ip":"::ffff:127.0.0.1","method":"GET","url":"/api/suppliers/ranking","user_id":1},"service":"dss-api","stack":"Error: Yêu cầu productId trong query parameter\n    at getRanking (E:\\DSS Tài liệu\\Đồ án cuối kỳ\\backend\\node_api\\src\\controllers\\supplier.controller.js:74:19)\n    at Layer.handleRequest (E:\\DSS Tài liệu\\Đồ án cuối kỳ\\backend\\node_api\\node_modules\\router\\lib\\layer.js:152:17)\n    at next (E:\\DSS Tài liệu\\Đồ án cuối kỳ\\backend\\node_api\\node_modules\\router\\lib\\route.js:157:13)\n    at Route.dispatch (E:\\DSS Tài liệu\\Đồ án cuối kỳ\\backend\\node_api\\node_modules\\router\\lib\\route.js:117:3)\n    at handle (E:\\DSS Tài liệu\\Đồ án cuối kỳ\\backend\\node_api\\node_modules\\router\\index.js:435:11)\n    at Layer.handleRequest (E:\\DSS Tài liệu\\Đồ án cuối kỳ\\backend\\node_api\\node_modules\\router\\lib\\layer.js:152:17)\n    at E:\\DSS Tài liệu\\Đồ án cuối kỳ\\backend\\node_api\\node_modules\\router\\index.js:295:15\n    at processParams (E:\\DSS Tài liệu\\Đồ án cuối kỳ\\backend\\node_api\\node_modules\\router\\index.js:582:12)\n    at next (E:\\DSS Tài liệu\\Đồ án cuối kỳ\\backend\\node_api\\node_modules\\router\\index.js:291:5)\n    at next (E:\\DSS Tài liệu\\Đồ án cuối kỳ\\backend\\node_api\\src\\middlewares\\auth.js:21:9)\n    at Layer.handleRequest (E:\\DSS Tài liệu\\Đồ án cuối kỳ\\backend\\node_api\\node_modules\\router\\lib\\layer.js:152:17)\n    at trimPrefix (E:\\DSS Tài liệu\\Đồ án cuối kỳ\\backend\\node_api\\node_modules\\router\\index.js:342:13)\n    at E:\\DSS Tài liệu\\Đồ án cuối kỳ\\backend\\node_api\\node_modules\\router\\index.js:297:9\n    at processParams (E:\\DSS Tài liệu\\Đồ án cuối kỳ\\backend\\node_api\\node_modules\\router\\index.js:582:12)\n    at next (E:\\DSS Tài liệu\\Đồ án cuối kỳ\\backend\\node_api\\node_modules\\router\\index.js:291:5)\n    at router.handle (E:\\DSS Tài liệu\\Đồ án cuối kỳ\\backend\\node_api\\node_modules\\router\\index.js:186:3)\n    at router (E:\\DSS Tài liệu\\Đồ án cuối kỳ\\backend\\node_api\\node_modules\\router\\index.js:60:12)\n    at Layer.handleRequest (E:\\DSS Tài liệu\\Đồ án cuối kỳ\\backend\\node_api\\node_modules\\router\\lib\\layer.js:152:17)\n    at trimPrefix (E:\\DSS Tài liệu\\Đồ án cuối kỳ\\backend\\node_api\\node_modules\\router\\index.js:342:13)\n    at E:\\DSS Tài liệu\\Đồ án cuối kỳ\\backend\\node_api\\node_modules\\router\\index.js:297:9\n    at processParams (E:\\DSS Tài liệu\\Đồ án cuối kỳ\\backend\\node_api\\node_modules\\router\\index.js:582:12)\n    at next (E:\\DSS Tài liệu\\Đồ án cuối kỳ\\backend\\node_api\\node_modules\\router\\index.js:291:5)\n    at E:\\DSS Tài liệu\\Đồ án cuối kỳ\\backend\\node_api\\node_modules\\express-rate-limit\\dist\\index.cjs:999:7\n    at processTicksAndRejections (node:internal/process/task_queues:105:5)\n    at E:\\DSS Tài liệu\\Đồ án cuối kỳ\\backend\\node_api\\node_modules\\express-rate-limit\\dist\\index.cjs:854:5","timestamp":"2026-07-08 14:02:26"}
{"level":"warn","message":"ML Service request failed (Attempt 1/3): ","service":"dss-api","timestamp":"2026-07-08 14:02:26"}
{"level":"warn","message":"ML Service request failed (Attempt 2/3): ","service":"dss-api","timestamp":"2026-07-08 14:02:27"}
{"level":"warn","message":"ML Service request failed (Attempt 3/3): ","service":"dss-api","timestamp":"2026-07-08 14:02:29"}
{"level":"error","message":"ML Service error after 3 attempts: ","service":"dss-api","timestamp":"2026-07-08 14:02:29"}
{"error_code":"ML_SERVICE_ERROR","level":"error","message":"ML Service error after 3 attempts: ","request":{"ip":"::ffff:127.0.0.1","method":"GET","url":"/api/forecast/123","user_id":1},"service":"dss-api","stack":"Error: ML Service error after 3 attempts: \n    at exports.getForecast (E:\\DSS Tài liệu\\Đồ án cuối kỳ\\backend\\node_api\\src\\controllers\\forecast.controller.js:26:14)\n    at processTicksAndRejections (node:internal/process/task_queues:105:5)","timestamp":"2026-07-08 14:02:29"}
