{"level":"error","message":"ML Service error after 3 attempts: ","service":"dss-api","timestamp":"2026-07-16 08:26:24"}
{"level":"error","message":"ML Service error after 3 attempts: ","service":"dss-api","timestamp":"2026-07-16 08:26:27"}
{"level":"error","message":"ML Service error after 3 attempts: ","service":"dss-api","timestamp":"2026-07-16 08:26:30"}
{"level":"error","message":"ML Service error after 3 attempts: ","service":"dss-api","timestamp":"2026-07-16 08:26:33"}
{"level":"error","message":"ML Service error after 3 attempts: ","service":"dss-api","timestamp":"2026-07-16 08:34:07"}
{"level":"error","message":"ML Service error after 3 attempts: ","service":"dss-api","timestamp":"2026-07-16 08:34:10"}
{"level":"error","message":"ML Service error after 3 attempts: ","service":"dss-api","timestamp":"2026-07-16 08:34:27"}
{"level":"error","message":"ML Service error after 3 attempts: ","service":"dss-api","timestamp":"2026-07-16 08:34:30"}
{"level":"error","message":"ML Service error after 3 attempts: ","service":"dss-api","timestamp":"2026-07-16 08:35:04"}
{"level":"error","message":"ML Service error after 3 attempts: ","service":"dss-api","timestamp":"2026-07-16 08:35:04"}
{"level":"error","message":"ML Service error after 3 attempts: ","service":"dss-api","timestamp":"2026-07-16 08:35:07"}
{"level":"error","message":"ML Service error after 3 attempts: ","service":"dss-api","timestamp":"2026-07-16 08:35:07"}
{"level":"error","message":"ML Service error after 3 attempts: ","service":"dss-api","timestamp":"2026-07-16 08:35:50"}
{"level":"error","message":"ML Service error after 3 attempts: ","service":"dss-api","timestamp":"2026-07-16 08:35:53"}
{"level":"error","message":"ML Service error after 3 attempts: ","service":"dss-api","timestamp":"2026-07-16 08:36:31"}
{"level":"error","message":"ML Service error after 3 attempts: ","service":"dss-api","timestamp":"2026-07-16 08:36:34"}
{"level":"error","message":"ML Service error after 3 attempts: ","service":"dss-api","timestamp":"2026-07-16 08:36:48"}
{"level":"error","message":"ML Service error after 3 attempts: ","service":"dss-api","timestamp":"2026-07-16 08:36:51"}
{"level":"error","message":"ML Service error after 3 attempts: ","service":"dss-api","timestamp":"2026-07-16 08:38:25"}
{"level":"error","message":"ML Service error after 3 attempts: ","service":"dss-api","timestamp":"2026-07-16 08:38:25"}
{"level":"error","message":"ML Service error after 3 attempts: ","service":"dss-api","timestamp":"2026-07-16 08:38:28"}
{"level":"error","message":"ML Service error after 3 attempts: ","service":"dss-api","timestamp":"2026-07-16 08:38:28"}
{"level":"error","message":"ML Service error after 3 attempts: ","service":"dss-api","timestamp":"2026-07-16 08:38:54"}
{"level":"error","message":"ML Service error after 3 attempts: ","service":"dss-api","timestamp":"2026-07-16 08:38:57"}
{"level":"error","message":"ML Service error after 3 attempts: ","service":"dss-api","timestamp":"2026-07-16 08:40:55"}
{"level":"error","message":"ML Service error after 3 attempts: ","service":"dss-api","timestamp":"2026-07-16 08:40:55"}
{"level":"error","message":"ML Service error after 3 attempts: ","service":"dss-api","timestamp":"2026-07-16 08:40:58"}
{"level":"error","message":"ML Service error after 3 attempts: ","service":"dss-api","timestamp":"2026-07-16 08:40:58"}
{"level":"error","message":"ML Service error after 3 attempts: ","service":"dss-api","timestamp":"2026-07-16 08:42:06"}
{"level":"error","message":"ML Service error after 3 attempts: ","service":"dss-api","timestamp":"2026-07-16 08:42:09"}
{"level":"error","message":"ML Service error after 3 attempts: ","service":"dss-api","timestamp":"2026-07-16 08:42:12"}
{"level":"error","message":"ML Service error after 3 attempts: ","service":"dss-api","timestamp":"2026-07-16 08:42:14"}
{"level":"error","message":"ML Service error after 3 attempts: ","service":"dss-api","timestamp":"2026-07-16 08:42:15"}
{"level":"error","message":"ML Service error after 3 attempts: ","service":"dss-api","timestamp":"2026-07-16 08:42:17"}
{"level":"error","message":"ML Service error after 3 attempts: ","service":"dss-api","timestamp":"2026-07-16 08:42:18"}
{"level":"error","message":"ML Service error after 3 attempts: ","service":"dss-api","timestamp":"2026-07-16 08:42:21"}
{"level":"error","message":"ML Service error after 3 attempts: ","service":"dss-api","timestamp":"2026-07-16 08:42:24"}
{"level":"error","message":"ML Service error after 3 attempts: ","service":"dss-api","timestamp":"2026-07-16 08:42:25"}
{"level":"error","message":"ML Service error after 3 attempts: ","service":"dss-api","timestamp":"2026-07-16 08:42:31"}
{"level":"error","message":"ML Service error after 3 attempts: ","service":"dss-api","timestamp":"2026-07-16 08:42:31"}
{"level":"error","message":"ML Service error after 3 attempts: ","service":"dss-api","timestamp":"2026-07-16 08:42:34"}
{"level":"error","message":"ML Service error after 3 attempts: ","service":"dss-api","timestamp":"2026-07-16 08:42:34"}
{"level":"error","message":"ML Service error after 3 attempts: ","service":"dss-api","timestamp":"2026-07-16 08:42:37"}
{"level":"error","message":"ML Service error after 3 attempts: ","service":"dss-api","timestamp":"2026-07-16 08:42:40"}
{"level":"error","message":"ML Service error after 3 attempts: ","service":"dss-api","timestamp":"2026-07-16 08:49:21"}
{"level":"error","message":"ML Service error after 3 attempts: ","service":"dss-api","timestamp":"2026-07-16 08:49:24"}
{"level":"error","message":"ML Service error after 3 attempts: ","service":"dss-api","timestamp":"2026-07-16 08:49:48"}
{"level":"error","message":"ML Service error after 3 attempts: ","service":"dss-api","timestamp":"2026-07-16 08:49:48"}
{"level":"error","message":"ML Service error after 3 attempts: ","service":"dss-api","timestamp":"2026-07-16 08:49:51"}
{"level":"error","message":"ML Service error after 3 attempts: ","service":"dss-api","timestamp":"2026-07-16 08:49:51"}
{"level":"error","message":"ML Service error after 3 attempts: ","service":"dss-api","timestamp":"2026-07-16 08:50:27"}
{"level":"error","message":"ML Service error after 3 attempts: ","service":"dss-api","timestamp":"2026-07-16 08:50:30"}
{"level":"error","message":"ML Service error after 3 attempts: ","service":"dss-api","timestamp":"2026-07-16 08:50:46"}
{"level":"error","message":"ML Service error after 3 attempts: ","service":"dss-api","timestamp":"2026-07-16 08:50:46"}
{"level":"error","message":"ML Service error after 3 attempts: ","service":"dss-api","timestamp":"2026-07-16 08:50:49"}
{"level":"error","message":"ML Service error after 3 attempts: ","service":"dss-api","timestamp":"2026-07-16 08:50:49"}
{"level":"error","message":"ML Service error after 3 attempts: ","service":"dss-api","timestamp":"2026-07-16 08:52:56"}
{"level":"error","message":"ML Service error after 3 attempts: ","service":"dss-api","timestamp":"2026-07-16 08:52:59"}
{"level":"error","message":"ML Service error after 3 attempts: ","service":"dss-api","timestamp":"2026-07-16 09:02:41"}
{"level":"error","message":"ML Service error after 3 attempts: ","service":"dss-api","timestamp":"2026-07-16 09:02:44"}
{"level":"error","message":"ML Service error after 3 attempts: ","service":"dss-api","timestamp":"2026-07-16 09:03:01"}
{"level":"error","message":"ML Service error after 3 attempts: ","service":"dss-api","timestamp":"2026-07-16 09:03:02"}
{"level":"error","message":"ML Service error after 3 attempts: ","service":"dss-api","timestamp":"2026-07-16 09:03:04"}
{"level":"error","message":"ML Service error after 3 attempts: ","service":"dss-api","timestamp":"2026-07-16 09:03:05"}
{"level":"error","message":"ML Service error after 3 attempts: ","service":"dss-api","timestamp":"2026-07-16 09:03:07"}
{"level":"error","message":"ML Service error after 3 attempts: ","service":"dss-api","timestamp":"2026-07-16 09:03:10"}
{"level":"error","message":"ML Service error after 3 attempts: ","service":"dss-api","timestamp":"2026-07-16 09:17:06"}
{"level":"error","message":"ML Service error after 3 attempts: ","service":"dss-api","timestamp":"2026-07-16 09:17:09"}
{"level":"error","message":"ML Service error after 3 attempts: ","service":"dss-api","timestamp":"2026-07-16 09:19:17"}
{"level":"error","message":"ML Service error after 3 attempts: ","service":"dss-api","timestamp":"2026-07-16 09:19:17"}
{"level":"error","message":"ML Service error after 3 attempts: ","service":"dss-api","timestamp":"2026-07-16 09:19:20"}
{"level":"error","message":"ML Service error after 3 attempts: ","service":"dss-api","timestamp":"2026-07-16 09:19:20"}
{"level":"error","message":"ML Service error after 3 attempts: ","service":"dss-api","timestamp":"2026-07-16 09:19:23"}
{"error":"column \"export\" does not exist","level":"error","message":"Query failed","service":"dss-api","text":"\n            SELECT * FROM products \n            WHERE export = $1 \n            ORDER BY created_at ","timestamp":"2026-07-16 09:19:49"}
{"error_code":"42703","level":"error","message":"column \"export\" does not exist","request":{"ip":"::1","method":"GET","url":"/api/products?export=csv&search="},"service":"dss-api","stack":"error: column \"export\" does not exist\n    at D:\\Nhóm 7 - DSS\\Đồ án cuối kỳ\\backend\\node_api\\node_modules\\pg-pool\\index.js:45:11\n    at process.processTicksAndRejections (node:internal/process/task_queues:105:5)\n    at async query (D:\\Nhóm 7 - DSS\\Đồ án cuối kỳ\\backend\\node_api\\src\\config\\database.js:30:24)\n    at async Promise.all (index 0)\n    at async ProductModel.findAll (D:\\Nhóm 7 - DSS\\Đồ án cuối kỳ\\backend\\node_api\\src\\models\\base.model.js:51:43)\n    at async D:\\Nhóm 7 - DSS\\Đồ án cuối kỳ\\backend\\node_api\\src\\controllers\\data.controller.js:37:20","timestamp":"2026-07-16 09:19:49"}
{"error":"column \"export\" does not exist","level":"error","message":"Query failed","service":"dss-api","text":"SELECT COUNT(*) FROM products WHERE export = $1","timestamp":"2026-07-16 09:19:49"}
{"error":"column \"export\" does not exist","level":"error","message":"Query failed","service":"dss-api","text":"\n            SELECT * FROM products \n            WHERE export = $1 \n            ORDER BY created_at ","timestamp":"2026-07-16 09:19:53"}
{"error_code":"42703","level":"error","message":"column \"export\" does not exist","request":{"ip":"::1","method":"GET","url":"/api/products?export=csv&search="},"service":"dss-api","stack":"error: column \"export\" does not exist\n    at D:\\Nhóm 7 - DSS\\Đồ án cuối kỳ\\backend\\node_api\\node_modules\\pg-pool\\index.js:45:11\n    at process.processTicksAndRejections (node:internal/process/task_queues:105:5)\n    at async query (D:\\Nhóm 7 - DSS\\Đồ án cuối kỳ\\backend\\node_api\\src\\config\\database.js:30:24)\n    at async Promise.all (index 0)\n    at async ProductModel.findAll (D:\\Nhóm 7 - DSS\\Đồ án cuối kỳ\\backend\\node_api\\src\\models\\base.model.js:51:43)\n    at async D:\\Nhóm 7 - DSS\\Đồ án cuối kỳ\\backend\\node_api\\src\\controllers\\data.controller.js:37:20","timestamp":"2026-07-16 09:19:53"}
{"error":"column \"export\" does not exist","level":"error","message":"Query failed","service":"dss-api","text":"SELECT COUNT(*) FROM products WHERE export = $1","timestamp":"2026-07-16 09:19:53"}
{"error":"column \"export\" does not exist","level":"error","message":"Query failed","service":"dss-api","text":"\n            SELECT * FROM products \n            WHERE export = $1 \n            ORDER BY created_at ","timestamp":"2026-07-16 09:20:02"}
{"error_code":"42703","level":"error","message":"column \"export\" does not exist","request":{"ip":"::1","method":"GET","url":"/api/products?export=csv&search="},"service":"dss-api","stack":"error: column \"export\" does not exist\n    at D:\\Nhóm 7 - DSS\\Đồ án cuối kỳ\\backend\\node_api\\node_modules\\pg-pool\\index.js:45:11\n    at process.processTicksAndRejections (node:internal/process/task_queues:105:5)\n    at async query (D:\\Nhóm 7 - DSS\\Đồ án cuối kỳ\\backend\\node_api\\src\\config\\database.js:30:24)\n    at async Promise.all (index 0)\n    at async ProductModel.findAll (D:\\Nhóm 7 - DSS\\Đồ án cuối kỳ\\backend\\node_api\\src\\models\\base.model.js:51:43)\n    at async D:\\Nhóm 7 - DSS\\Đồ án cuối kỳ\\backend\\node_api\\src\\controllers\\data.controller.js:37:20","timestamp":"2026-07-16 09:20:02"}
{"error":"column \"export\" does not exist","level":"error","message":"Query failed","service":"dss-api","text":"SELECT COUNT(*) FROM products WHERE export = $1","timestamp":"2026-07-16 09:20:02"}
{"error":"column \"export\" does not exist","level":"error","message":"Query failed","service":"dss-api","text":"\n            SELECT * FROM products \n            WHERE export = $1 \n            ORDER BY created_at ","timestamp":"2026-07-16 09:20:07"}
{"error_code":"42703","level":"error","message":"column \"export\" does not exist","request":{"ip":"::1","method":"GET","url":"/api/products?export=csv&search="},"service":"dss-api","stack":"error: column \"export\" does not exist\n    at D:\\Nhóm 7 - DSS\\Đồ án cuối kỳ\\backend\\node_api\\node_modules\\pg-pool\\index.js:45:11\n    at process.processTicksAndRejections (node:internal/process/task_queues:105:5)\n    at async query (D:\\Nhóm 7 - DSS\\Đồ án cuối kỳ\\backend\\node_api\\src\\config\\database.js:30:24)\n    at async Promise.all (index 0)\n    at async ProductModel.findAll (D:\\Nhóm 7 - DSS\\Đồ án cuối kỳ\\backend\\node_api\\src\\models\\base.model.js:51:43)\n    at async D:\\Nhóm 7 - DSS\\Đồ án cuối kỳ\\backend\\node_api\\src\\controllers\\data.controller.js:37:20","timestamp":"2026-07-16 09:20:07"}
{"error":"column \"export\" does not exist","level":"error","message":"Query failed","service":"dss-api","text":"SELECT COUNT(*) FROM products WHERE export = $1","timestamp":"2026-07-16 09:20:07"}
{"level":"error","message":"ML Service error after 3 attempts: ","service":"dss-api","timestamp":"2026-07-16 09:20:23"}
{"level":"error","message":"ML Service error after 3 attempts: ","service":"dss-api","timestamp":"2026-07-16 09:20:23"}
{"level":"error","message":"ML Service error after 3 attempts: ","service":"dss-api","timestamp":"2026-07-16 09:20:26"}
{"level":"error","message":"ML Service error after 3 attempts: ","service":"dss-api","timestamp":"2026-07-16 09:20:26"}
{"level":"error","message":"ML Service error after 3 attempts: ","service":"dss-api","timestamp":"2026-07-16 09:20:36"}
{"level":"error","message":"ML Service error after 3 attempts: ","service":"dss-api","timestamp":"2026-07-16 09:20:38"}
{"level":"error","message":"ML Service error after 3 attempts: ","service":"dss-api","timestamp":"2026-07-16 09:20:39"}
{"level":"error","message":"ML Service error after 3 attempts: ","service":"dss-api","timestamp":"2026-07-16 09:20:42"}
{"level":"error","message":"ML Service error after 3 attempts: ","service":"dss-api","timestamp":"2026-07-16 09:20:42"}
{"level":"error","message":"ML Service error after 3 attempts: ","service":"dss-api","timestamp":"2026-07-16 09:20:45"}
{"level":"error","message":"ML Service error after 3 attempts: ","service":"dss-api","timestamp":"2026-07-16 09:20:46"}
{"level":"error","message":"ML Service error after 3 attempts: ","service":"dss-api","timestamp":"2026-07-16 09:20:48"}
{"level":"error","message":"ML Service error after 3 attempts: ","service":"dss-api","timestamp":"2026-07-16 09:20:49"}
{"level":"error","message":"ML Service error after 3 attempts: ","service":"dss-api","timestamp":"2026-07-16 09:20:51"}
{"error":"column \"export\" does not exist","level":"error","message":"Query failed","service":"dss-api","text":"\n            SELECT * FROM products \n            WHERE export = $1 \n            ORDER BY created_at ","timestamp":"2026-07-16 09:21:01"}
{"error_code":"42703","level":"error","message":"column \"export\" does not exist","request":{"ip":"::1","method":"GET","url":"/api/products?export=csv&search="},"service":"dss-api","stack":"error: column \"export\" does not exist\n    at D:\\Nhóm 7 - DSS\\Đồ án cuối kỳ\\backend\\node_api\\node_modules\\pg-pool\\index.js:45:11\n    at process.processTicksAndRejections (node:internal/process/task_queues:105:5)\n    at async query (D:\\Nhóm 7 - DSS\\Đồ án cuối kỳ\\backend\\node_api\\src\\config\\database.js:30:24)\n    at async Promise.all (index 0)\n    at async ProductModel.findAll (D:\\Nhóm 7 - DSS\\Đồ án cuối kỳ\\backend\\node_api\\src\\models\\base.model.js:51:43)\n    at async D:\\Nhóm 7 - DSS\\Đồ án cuối kỳ\\backend\\node_api\\src\\controllers\\data.controller.js:37:20","timestamp":"2026-07-16 09:21:01"}
{"error":"column \"export\" does not exist","level":"error","message":"Query failed","service":"dss-api","text":"SELECT COUNT(*) FROM products WHERE export = $1","timestamp":"2026-07-16 09:21:01"}
{"level":"error","message":"ML Service error after 3 attempts: ","service":"dss-api","timestamp":"2026-07-16 09:21:59"}
{"level":"error","message":"ML Service error after 3 attempts: ","service":"dss-api","timestamp":"2026-07-16 09:22:02"}
{"level":"error","message":"ML Service error after 3 attempts: ","service":"dss-api","timestamp":"2026-07-16 09:22:05"}
{"level":"error","message":"ML Service error after 3 attempts: ","service":"dss-api","timestamp":"2026-07-16 09:22:08"}
{"level":"error","message":"ML Service error after 3 attempts: ","service":"dss-api","timestamp":"2026-07-16 09:46:59"}
{"level":"error","message":"ML Service error after 3 attempts: ","service":"dss-api","timestamp":"2026-07-16 09:46:59"}
{"level":"error","message":"ML Service error after 3 attempts: ","service":"dss-api","timestamp":"2026-07-16 09:47:02"}
{"level":"error","message":"ML Service error after 3 attempts: ","service":"dss-api","timestamp":"2026-07-16 09:47:02"}
{"level":"error","message":"ML Service error after 3 attempts: ","service":"dss-api","timestamp":"2026-07-16 09:48:31"}
{"level":"error","message":"ML Service error after 3 attempts: ","service":"dss-api","timestamp":"2026-07-16 09:48:31"}
{"level":"error","message":"ML Service error after 3 attempts: ","service":"dss-api","timestamp":"2026-07-16 09:48:34"}
{"level":"error","message":"ML Service error after 3 attempts: ","service":"dss-api","timestamp":"2026-07-16 09:48:34"}
{"level":"error","message":"ML Service error after 3 attempts: ","service":"dss-api","timestamp":"2026-07-16 09:48:37"}
{"level":"error","message":"ML Service error after 3 attempts: ","service":"dss-api","timestamp":"2026-07-16 09:48:40"}
{"level":"error","message":"ML Service error after 3 attempts: ","service":"dss-api","timestamp":"2026-07-16 09:54:36"}
{"level":"error","message":"ML Service error after 3 attempts: ","service":"dss-api","timestamp":"2026-07-16 09:54:36"}
{"level":"error","message":"ML Service error after 3 attempts: ","service":"dss-api","timestamp":"2026-07-16 09:54:39"}
{"level":"error","message":"ML Service error after 3 attempts: ","service":"dss-api","timestamp":"2026-07-16 09:54:39"}
{"level":"error","message":"ML Service error after 3 attempts: ","service":"dss-api","timestamp":"2026-07-16 10:05:50"}
{"level":"error","message":"ML Service error after 3 attempts: ","service":"dss-api","timestamp":"2026-07-16 10:05:53"}
{"level":"error","message":"ML Service error after 3 attempts: ","service":"dss-api","timestamp":"2026-07-16 10:05:54"}
{"level":"error","message":"ML Service error after 3 attempts: ","service":"dss-api","timestamp":"2026-07-16 10:05:56"}
{"level":"error","message":"ML Service error after 3 attempts: ","service":"dss-api","timestamp":"2026-07-16 10:05:57"}
{"level":"error","message":"ML Service error after 3 attempts: ","service":"dss-api","timestamp":"2026-07-16 10:05:59"}
{"level":"error","message":"ML Service error after 3 attempts: ","service":"dss-api","timestamp":"2026-07-16 10:06:01"}
{"level":"error","message":"ML Service error after 3 attempts: ","service":"dss-api","timestamp":"2026-07-16 10:06:02"}
{"level":"error","message":"ML Service error after 3 attempts: ","service":"dss-api","timestamp":"2026-07-16 10:06:04"}
{"level":"error","message":"ML Service error after 3 attempts: ","service":"dss-api","timestamp":"2026-07-16 10:06:04"}
{"level":"error","message":"ML Service error after 3 attempts: ","service":"dss-api","timestamp":"2026-07-16 10:06:04"}
{"level":"error","message":"ML Service error after 3 attempts: ","service":"dss-api","timestamp":"2026-07-16 10:06:07"}
{"level":"error","message":"ML Service error after 3 attempts: ","service":"dss-api","timestamp":"2026-07-16 10:06:07"}
{"level":"error","message":"ML Service error after 3 attempts: ","service":"dss-api","timestamp":"2026-07-16 10:06:10"}
{"level":"error","message":"ML Service error after 3 attempts: ","service":"dss-api","timestamp":"2026-07-16 10:06:10"}
{"level":"error","message":"ML Service error after 3 attempts: ","service":"dss-api","timestamp":"2026-07-16 10:06:13"}
{"level":"error","message":"ML Service error after 3 attempts: ","service":"dss-api","timestamp":"2026-07-16 10:06:13"}
{"level":"error","message":"ML Service error after 3 attempts: ","service":"dss-api","timestamp":"2026-07-16 10:06:14"}
{"level":"error","message":"ML Service error after 3 attempts: ","service":"dss-api","timestamp":"2026-07-16 10:06:16"}
{"level":"error","message":"ML Service error after 3 attempts: ","service":"dss-api","timestamp":"2026-07-16 10:06:17"}
{"level":"error","message":"ML Service error after 3 attempts: ","service":"dss-api","timestamp":"2026-07-16 10:06:34"}
{"level":"error","message":"ML Service error after 3 attempts: ","service":"dss-api","timestamp":"2026-07-16 10:06:34"}
{"level":"error","message":"ML Service error after 3 attempts: ","service":"dss-api","timestamp":"2026-07-16 10:06:37"}
{"level":"error","message":"ML Service error after 3 attempts: ","service":"dss-api","timestamp":"2026-07-16 10:06:37"}
{"error":"column s.export does not exist","level":"error","message":"Query failed","service":"dss-api","text":"\n            SELECT COUNT(*) \n            FROM sales s \n            JOIN products p ON s.product_id ","timestamp":"2026-07-16 10:08:25"}
{"error_code":"42703","level":"error","message":"column s.export does not exist","request":{"ip":"::1","method":"GET","url":"/api/sales?export=json"},"service":"dss-api","stack":"error: column s.export does not exist\n    at D:\\Nhóm 7 - DSS\\Đồ án cuối kỳ\\backend\\node_api\\node_modules\\pg-pool\\index.js:45:11\n    at process.processTicksAndRejections (node:internal/process/task_queues:105:5)\n    at async query (D:\\Nhóm 7 - DSS\\Đồ án cuối kỳ\\backend\\node_api\\src\\config\\database.js:30:24)\n    at async Promise.all (index 1)\n    at async SalesModel.findAll (D:\\Nhóm 7 - DSS\\Đồ án cuối kỳ\\backend\\node_api\\src\\models\\data.models.js:72:43)\n    at async D:\\Nhóm 7 - DSS\\Đồ án cuối kỳ\\backend\\node_api\\src\\controllers\\data.controller.js:37:20","timestamp":"2026-07-16 10:08:25"}
{"error":"column s.export does not exist","level":"error","message":"Query failed","service":"dss-api","text":"\n            SELECT s.*, p.product_name \n            FROM sales s \n            JOIN products p ON s.","timestamp":"2026-07-16 10:08:25"}
{"error":"column s.export does not exist","level":"error","message":"Query failed","service":"dss-api","text":"\n            SELECT s.*, p.product_name \n            FROM sales s \n            JOIN products p ON s.","timestamp":"2026-07-16 10:08:29"}
{"error_code":"42703","level":"error","message":"column s.export does not exist","request":{"ip":"::1","method":"GET","url":"/api/sales?export=json"},"service":"dss-api","stack":"error: column s.export does not exist\n    at D:\\Nhóm 7 - DSS\\Đồ án cuối kỳ\\backend\\node_api\\node_modules\\pg-pool\\index.js:45:11\n    at process.processTicksAndRejections (node:internal/process/task_queues:105:5)\n    at async query (D:\\Nhóm 7 - DSS\\Đồ án cuối kỳ\\backend\\node_api\\src\\config\\database.js:30:24)\n    at async Promise.all (index 0)\n    at async SalesModel.findAll (D:\\Nhóm 7 - DSS\\Đồ án cuối kỳ\\backend\\node_api\\src\\models\\data.models.js:72:43)\n    at async D:\\Nhóm 7 - DSS\\Đồ án cuối kỳ\\backend\\node_api\\src\\controllers\\data.controller.js:37:20","timestamp":"2026-07-16 10:08:29"}
{"error":"column s.export does not exist","level":"error","message":"Query failed","service":"dss-api","text":"\n            SELECT COUNT(*) \n            FROM sales s \n            JOIN products p ON s.product_id ","timestamp":"2026-07-16 10:08:29"}
{"level":"error","message":"ML Service error after 3 attempts: ","service":"dss-api","timestamp":"2026-07-16 10:13:55"}
{"level":"error","message":"ML Service error after 3 attempts: ","service":"dss-api","timestamp":"2026-07-16 10:13:58"}
{"level":"error","message":"ML Service error after 3 attempts: ","service":"dss-api","timestamp":"2026-07-16 10:13:58"}
{"level":"error","message":"ML Service error after 3 attempts: ","service":"dss-api","timestamp":"2026-07-16 10:14:01"}
{"level":"error","message":"ML Service error after 3 attempts: ","service":"dss-api","timestamp":"2026-07-16 10:14:01"}
{"level":"error","message":"ML Service error after 3 attempts: ","service":"dss-api","timestamp":"2026-07-16 10:14:04"}
{"level":"error","message":"ML Service error after 3 attempts: ","service":"dss-api","timestamp":"2026-07-16 10:14:04"}
{"level":"error","message":"ML Service error after 3 attempts: ","service":"dss-api","timestamp":"2026-07-16 10:14:07"}
{"level":"error","message":"ML Service error after 3 attempts: ","service":"dss-api","timestamp":"2026-07-16 10:14:07"}
{"level":"error","message":"ML Service error after 3 attempts: ","service":"dss-api","timestamp":"2026-07-16 10:14:10"}
{"level":"error","message":"ML Service error after 3 attempts: ","service":"dss-api","timestamp":"2026-07-16 10:14:10"}
{"level":"error","message":"ML Service error after 3 attempts: ","service":"dss-api","timestamp":"2026-07-16 10:14:10"}
{"level":"error","message":"ML Service error after 3 attempts: ","service":"dss-api","timestamp":"2026-07-16 10:14:13"}
{"level":"error","message":"ML Service error after 3 attempts: ","service":"dss-api","timestamp":"2026-07-16 10:14:13"}
{"level":"error","message":"ML Service error after 3 attempts: ","service":"dss-api","timestamp":"2026-07-16 10:14:15"}
{"level":"error","message":"ML Service error after 3 attempts: ","service":"dss-api","timestamp":"2026-07-16 10:14:15"}
{"level":"error","message":"ML Service error after 3 attempts: ","service":"dss-api","timestamp":"2026-07-16 10:14:18"}
{"level":"error","message":"ML Service error after 3 attempts: ","service":"dss-api","timestamp":"2026-07-16 10:14:18"}
{"level":"error","message":"ML Service error after 3 attempts: ","service":"dss-api","timestamp":"2026-07-16 10:14:21"}
{"level":"error","message":"ML Service error after 3 attempts: ","service":"dss-api","timestamp":"2026-07-16 10:14:21"}
{"level":"error","message":"ML Service error after 3 attempts: ","service":"dss-api","timestamp":"2026-07-16 10:14:24"}
{"level":"error","message":"ML Service error after 3 attempts: ","service":"dss-api","timestamp":"2026-07-16 10:14:24"}
{"level":"error","message":"ML Service error after 3 attempts: ","service":"dss-api","timestamp":"2026-07-16 10:14:26"}
{"level":"error","message":"ML Service error after 3 attempts: ","service":"dss-api","timestamp":"2026-07-16 10:14:26"}
{"level":"error","message":"ML Service error after 3 attempts: ","service":"dss-api","timestamp":"2026-07-16 10:14:29"}
{"level":"error","message":"ML Service error after 3 attempts: ","service":"dss-api","timestamp":"2026-07-16 10:14:29"}
{"level":"error","message":"ML Service error after 3 attempts: ","service":"dss-api","timestamp":"2026-07-16 10:14:57"}
{"level":"error","message":"ML Service error after 3 attempts: ","service":"dss-api","timestamp":"2026-07-16 10:14:57"}
{"level":"error","message":"ML Service error after 3 attempts: ","service":"dss-api","timestamp":"2026-07-16 10:15:00"}
{"level":"error","message":"ML Service error after 3 attempts: ","service":"dss-api","timestamp":"2026-07-16 10:15:00"}
{"level":"error","message":"ML Service error after 3 attempts: ","service":"dss-api","timestamp":"2026-07-16 10:16:20"}
{"level":"error","message":"ML Service error after 3 attempts: ","service":"dss-api","timestamp":"2026-07-16 10:16:20"}
{"level":"error","message":"ML Service error after 3 attempts: ","service":"dss-api","timestamp":"2026-07-16 10:16:23"}
{"level":"error","message":"ML Service error after 3 attempts: ","service":"dss-api","timestamp":"2026-07-16 10:16:23"}
{"level":"error","message":"ML Service error after 3 attempts: ","service":"dss-api","timestamp":"2026-07-16 10:16:28"}
{"level":"error","message":"ML Service error after 3 attempts: ","service":"dss-api","timestamp":"2026-07-16 10:16:28"}
{"level":"error","message":"ML Service error after 3 attempts: ","service":"dss-api","timestamp":"2026-07-16 10:16:31"}
{"level":"error","message":"ML Service error after 3 attempts: ","service":"dss-api","timestamp":"2026-07-16 10:16:31"}
{"level":"error","message":"ML Service error after 3 attempts: ","service":"dss-api","timestamp":"2026-07-16 10:16:34"}
{"level":"error","message":"ML Service error after 3 attempts: ","service":"dss-api","timestamp":"2026-07-16 10:16:34"}
{"level":"error","message":"ML Service error after 3 attempts: ","service":"dss-api","timestamp":"2026-07-16 10:16:37"}
{"level":"error","message":"ML Service error after 3 attempts: ","service":"dss-api","timestamp":"2026-07-16 10:16:37"}
{"level":"error","message":"ML Service error after 3 attempts: ","service":"dss-api","timestamp":"2026-07-16 10:16:39"}
{"level":"error","message":"ML Service error after 3 attempts: ","service":"dss-api","timestamp":"2026-07-16 10:16:41"}
{"level":"error","message":"ML Service error after 3 attempts: ","service":"dss-api","timestamp":"2026-07-16 10:16:41"}
{"level":"error","message":"ML Service error after 3 attempts: ","service":"dss-api","timestamp":"2026-07-16 10:16:42"}
{"level":"error","message":"ML Service error after 1 attempts: ","service":"dss-api","timestamp":"2026-07-16 10:27:23"}
{"level":"error","message":"ML Service error after 1 attempts: ","service":"dss-api","timestamp":"2026-07-16 10:27:23"}
{"error":"column \"export\" does not exist","level":"error","message":"Query failed","service":"dss-api","text":"\n            SELECT * FROM products \n            WHERE export = $1 \n            ORDER BY created_at ","timestamp":"2026-07-16 10:29:59"}
{"error_code":"42703","level":"error","message":"column \"export\" does not exist","request":{"ip":"::1","method":"GET","url":"/api/products?export=json&search="},"service":"dss-api","stack":"error: column \"export\" does not exist\n    at D:\\Nhóm 7 - DSS\\Đồ án cuối kỳ\\backend\\node_api\\node_modules\\pg-pool\\index.js:45:11\n    at process.processTicksAndRejections (node:internal/process/task_queues:105:5)\n    at async query (D:\\Nhóm 7 - DSS\\Đồ án cuối kỳ\\backend\\node_api\\src\\config\\database.js:30:24)\n    at async Promise.all (index 0)\n    at async ProductModel.findAll (D:\\Nhóm 7 - DSS\\Đồ án cuối kỳ\\backend\\node_api\\src\\models\\base.model.js:51:43)\n    at async D:\\Nhóm 7 - DSS\\Đồ án cuối kỳ\\backend\\node_api\\src\\controllers\\data.controller.js:37:20","timestamp":"2026-07-16 10:29:59"}
{"error":"column \"export\" does not exist","level":"error","message":"Query failed","service":"dss-api","text":"SELECT COUNT(*) FROM products WHERE export = $1","timestamp":"2026-07-16 10:29:59"}
{"error":"column \"export\" does not exist","level":"error","message":"Query failed","service":"dss-api","text":"\n            SELECT * FROM products \n            WHERE export = $1 \n            ORDER BY created_at ","timestamp":"2026-07-16 10:30:07"}
{"error_code":"42703","level":"error","message":"column \"export\" does not exist","request":{"ip":"::1","method":"GET","url":"/api/products?export=json&search="},"service":"dss-api","stack":"error: column \"export\" does not exist\n    at D:\\Nhóm 7 - DSS\\Đồ án cuối kỳ\\backend\\node_api\\node_modules\\pg-pool\\index.js:45:11\n    at process.processTicksAndRejections (node:internal/process/task_queues:105:5)\n    at async query (D:\\Nhóm 7 - DSS\\Đồ án cuối kỳ\\backend\\node_api\\src\\config\\database.js:30:24)\n    at async Promise.all (index 0)\n    at async ProductModel.findAll (D:\\Nhóm 7 - DSS\\Đồ án cuối kỳ\\backend\\node_api\\src\\models\\base.model.js:51:43)\n    at async D:\\Nhóm 7 - DSS\\Đồ án cuối kỳ\\backend\\node_api\\src\\controllers\\data.controller.js:37:20","timestamp":"2026-07-16 10:30:07"}
{"error":"column \"export\" does not exist","level":"error","message":"Query failed","service":"dss-api","text":"SELECT COUNT(*) FROM products WHERE export = $1","timestamp":"2026-07-16 10:30:07"}
{"level":"error","message":"ML Service error after 1 attempts: ","service":"dss-api","timestamp":"2026-07-16 10:32:20"}
{"level":"error","message":"ML Service error after 1 attempts: ","service":"dss-api","timestamp":"2026-07-16 10:32:20"}
{"level":"error","message":"ML Service error after 1 attempts: ","service":"dss-api","timestamp":"2026-07-16 10:32:20"}
{"level":"error","message":"ML Service error after 1 attempts: ","service":"dss-api","timestamp":"2026-07-16 10:32:20"}
{"level":"error","message":"ML Service error after 1 attempts: ","service":"dss-api","timestamp":"2026-07-16 10:32:30"}
{"level":"error","message":"ML Service error after 1 attempts: ","service":"dss-api","timestamp":"2026-07-16 10:32:30"}
{"level":"error","message":"ML Service error after 1 attempts: ","service":"dss-api","timestamp":"2026-07-16 10:32:42"}
{"level":"error","message":"ML Service error after 1 attempts: ","service":"dss-api","timestamp":"2026-07-16 10:32:42"}
{"level":"error","message":"ML Service error after 1 attempts: ","service":"dss-api","timestamp":"2026-07-16 10:32:43"}
{"level":"error","message":"ML Service error after 1 attempts: ","service":"dss-api","timestamp":"2026-07-16 10:32:43"}
{"level":"error","message":"ML Service error after 1 attempts: ","service":"dss-api","timestamp":"2026-07-16 10:32:43"}
{"level":"error","message":"ML Service error after 1 attempts: ","service":"dss-api","timestamp":"2026-07-16 10:32:43"}
{"error":"column \"export\" does not exist","level":"error","message":"Query failed","service":"dss-api","text":"\n            SELECT * FROM products \n            WHERE export = $1 \n            ORDER BY created_at ","timestamp":"2026-07-16 10:34:37"}
{"error_code":"42703","level":"error","message":"column \"export\" does not exist","request":{"ip":"::1","method":"GET","url":"/api/products?export=json"},"service":"dss-api","stack":"error: column \"export\" does not exist\n    at D:\\Nhóm 7 - DSS\\Đồ án cuối kỳ\\backend\\node_api\\node_modules\\pg-pool\\index.js:45:11\n    at process.processTicksAndRejections (node:internal/process/task_queues:105:5)\n    at async query (D:\\Nhóm 7 - DSS\\Đồ án cuối kỳ\\backend\\node_api\\src\\config\\database.js:30:24)\n    at async Promise.all (index 0)\n    at async ProductModel.findAll (D:\\Nhóm 7 - DSS\\Đồ án cuối kỳ\\backend\\node_api\\src\\models\\base.model.js:51:43)\n    at async D:\\Nhóm 7 - DSS\\Đồ án cuối kỳ\\backend\\node_api\\src\\controllers\\data.controller.js:37:20","timestamp":"2026-07-16 10:34:37"}
{"error":"column \"export\" does not exist","level":"error","message":"Query failed","service":"dss-api","text":"SELECT COUNT(*) FROM products WHERE export = $1","timestamp":"2026-07-16 10:34:37"}
{"error":"column \"export\" does not exist","level":"error","message":"Query failed","service":"dss-api","text":"SELECT COUNT(*) FROM products WHERE export = $1","timestamp":"2026-07-16 10:34:42"}
{"error_code":"42703","level":"error","message":"column \"export\" does not exist","request":{"ip":"::1","method":"GET","url":"/api/products?export=json"},"service":"dss-api","stack":"error: column \"export\" does not exist\n    at D:\\Nhóm 7 - DSS\\Đồ án cuối kỳ\\backend\\node_api\\node_modules\\pg-pool\\index.js:45:11\n    at process.processTicksAndRejections (node:internal/process/task_queues:105:5)\n    at async query (D:\\Nhóm 7 - DSS\\Đồ án cuối kỳ\\backend\\node_api\\src\\config\\database.js:30:24)\n    at async Promise.all (index 1)\n    at async ProductModel.findAll (D:\\Nhóm 7 - DSS\\Đồ án cuối kỳ\\backend\\node_api\\src\\models\\base.model.js:51:43)\n    at async D:\\Nhóm 7 - DSS\\Đồ án cuối kỳ\\backend\\node_api\\src\\controllers\\data.controller.js:37:20","timestamp":"2026-07-16 10:34:42"}
{"error":"column \"export\" does not exist","level":"error","message":"Query failed","service":"dss-api","text":"\n            SELECT * FROM products \n            WHERE export = $1 \n            ORDER BY created_at ","timestamp":"2026-07-16 10:34:42"}
{"error":"column \"export\" does not exist","level":"error","message":"Query failed","service":"dss-api","text":"\n            SELECT * FROM products \n            WHERE export = $1 \n            ORDER BY created_at ","timestamp":"2026-07-16 10:35:05"}
{"error_code":"42703","level":"error","message":"column \"export\" does not exist","request":{"ip":"::1","method":"GET","url":"/api/products?export=json"},"service":"dss-api","stack":"error: column \"export\" does not exist\n    at D:\\Nhóm 7 - DSS\\Đồ án cuối kỳ\\backend\\node_api\\node_modules\\pg-pool\\index.js:45:11\n    at process.processTicksAndRejections (node:internal/process/task_queues:105:5)\n    at async query (D:\\Nhóm 7 - DSS\\Đồ án cuối kỳ\\backend\\node_api\\src\\config\\database.js:30:24)\n    at async Promise.all (index 0)\n    at async ProductModel.findAll (D:\\Nhóm 7 - DSS\\Đồ án cuối kỳ\\backend\\node_api\\src\\models\\base.model.js:51:43)\n    at async D:\\Nhóm 7 - DSS\\Đồ án cuối kỳ\\backend\\node_api\\src\\controllers\\data.controller.js:37:20","timestamp":"2026-07-16 10:35:05"}
{"error":"column \"export\" does not exist","level":"error","message":"Query failed","service":"dss-api","text":"SELECT COUNT(*) FROM products WHERE export = $1","timestamp":"2026-07-16 10:35:05"}
{"error":"column \"export\" does not exist","level":"error","message":"Query failed","service":"dss-api","text":"\n            SELECT * FROM products \n            WHERE export = $1 \n            ORDER BY created_at ","timestamp":"2026-07-16 10:35:11"}
{"error_code":"42703","level":"error","message":"column \"export\" does not exist","request":{"ip":"::1","method":"GET","url":"/api/products?export=json"},"service":"dss-api","stack":"error: column \"export\" does not exist\n    at D:\\Nhóm 7 - DSS\\Đồ án cuối kỳ\\backend\\node_api\\node_modules\\pg-pool\\index.js:45:11\n    at process.processTicksAndRejections (node:internal/process/task_queues:105:5)\n    at async query (D:\\Nhóm 7 - DSS\\Đồ án cuối kỳ\\backend\\node_api\\src\\config\\database.js:30:24)\n    at async Promise.all (index 0)\n    at async ProductModel.findAll (D:\\Nhóm 7 - DSS\\Đồ án cuối kỳ\\backend\\node_api\\src\\models\\base.model.js:51:43)\n    at async D:\\Nhóm 7 - DSS\\Đồ án cuối kỳ\\backend\\node_api\\src\\controllers\\data.controller.js:37:20","timestamp":"2026-07-16 10:35:11"}
{"error":"column \"export\" does not exist","level":"error","message":"Query failed","service":"dss-api","text":"SELECT COUNT(*) FROM products WHERE export = $1","timestamp":"2026-07-16 10:35:11"}
{"error":"column \"export\" does not exist","level":"error","message":"Query failed","service":"dss-api","text":"\n            SELECT * FROM products \n            WHERE export = $1 \n            ORDER BY created_at ","timestamp":"2026-07-16 10:35:39"}
{"error_code":"42703","level":"error","message":"column \"export\" does not exist","request":{"ip":"::1","method":"GET","url":"/api/products?export=json"},"service":"dss-api","stack":"error: column \"export\" does not exist\n    at D:\\Nhóm 7 - DSS\\Đồ án cuối kỳ\\backend\\node_api\\node_modules\\pg-pool\\index.js:45:11\n    at process.processTicksAndRejections (node:internal/process/task_queues:105:5)\n    at async query (D:\\Nhóm 7 - DSS\\Đồ án cuối kỳ\\backend\\node_api\\src\\config\\database.js:30:24)\n    at async Promise.all (index 0)\n    at async ProductModel.findAll (D:\\Nhóm 7 - DSS\\Đồ án cuối kỳ\\backend\\node_api\\src\\models\\base.model.js:51:43)\n    at async D:\\Nhóm 7 - DSS\\Đồ án cuối kỳ\\backend\\node_api\\src\\controllers\\data.controller.js:37:20","timestamp":"2026-07-16 10:35:39"}
{"error":"column \"export\" does not exist","level":"error","message":"Query failed","service":"dss-api","text":"SELECT COUNT(*) FROM products WHERE export = $1","timestamp":"2026-07-16 10:35:39"}
{"error":"column \"export\" does not exist","level":"error","message":"Query failed","service":"dss-api","text":"SELECT COUNT(*) FROM products WHERE export = $1","timestamp":"2026-07-16 10:35:55"}
{"error_code":"42703","level":"error","message":"column \"export\" does not exist","request":{"ip":"::1","method":"GET","url":"/api/products?export=json"},"service":"dss-api","stack":"error: column \"export\" does not exist\n    at D:\\Nhóm 7 - DSS\\Đồ án cuối kỳ\\backend\\node_api\\node_modules\\pg-pool\\index.js:45:11\n    at process.processTicksAndRejections (node:internal/process/task_queues:105:5)\n    at async query (D:\\Nhóm 7 - DSS\\Đồ án cuối kỳ\\backend\\node_api\\src\\config\\database.js:30:24)\n    at async Promise.all (index 1)\n    at async ProductModel.findAll (D:\\Nhóm 7 - DSS\\Đồ án cuối kỳ\\backend\\node_api\\src\\models\\base.model.js:51:43)\n    at async D:\\Nhóm 7 - DSS\\Đồ án cuối kỳ\\backend\\node_api\\src\\controllers\\data.controller.js:37:20","timestamp":"2026-07-16 10:35:55"}
{"error":"column \"export\" does not exist","level":"error","message":"Query failed","service":"dss-api","text":"\n            SELECT * FROM products \n            WHERE export = $1 \n            ORDER BY created_at ","timestamp":"2026-07-16 10:35:55"}
{"error":"column \"export\" does not exist","level":"error","message":"Query failed","service":"dss-api","text":"\n            SELECT * FROM products \n            WHERE export = $1 \n            ORDER BY created_at ","timestamp":"2026-07-16 10:36:25"}
{"error_code":"42703","level":"error","message":"column \"export\" does not exist","request":{"ip":"::1","method":"GET","url":"/api/products?export=json"},"service":"dss-api","stack":"error: column \"export\" does not exist\n    at D:\\Nhóm 7 - DSS\\Đồ án cuối kỳ\\backend\\node_api\\node_modules\\pg-pool\\index.js:45:11\n    at process.processTicksAndRejections (node:internal/process/task_queues:105:5)\n    at async query (D:\\Nhóm 7 - DSS\\Đồ án cuối kỳ\\backend\\node_api\\src\\config\\database.js:30:24)\n    at async Promise.all (index 0)\n    at async ProductModel.findAll (D:\\Nhóm 7 - DSS\\Đồ án cuối kỳ\\backend\\node_api\\src\\models\\base.model.js:51:43)\n    at async D:\\Nhóm 7 - DSS\\Đồ án cuối kỳ\\backend\\node_api\\src\\controllers\\data.controller.js:37:20","timestamp":"2026-07-16 10:36:25"}
{"error":"column \"export\" does not exist","level":"error","message":"Query failed","service":"dss-api","text":"SELECT COUNT(*) FROM products WHERE export = $1","timestamp":"2026-07-16 10:36:25"}
{"level":"error","message":"ML Service error after 1 attempts: ","service":"dss-api","timestamp":"2026-07-16 10:40:53"}
{"level":"error","message":"ML Service error after 1 attempts: ","service":"dss-api","timestamp":"2026-07-16 10:40:53"}
{"level":"error","message":"ML Service error after 1 attempts: ","service":"dss-api","timestamp":"2026-07-16 10:41:01"}
{"level":"error","message":"ML Service error after 1 attempts: ","service":"dss-api","timestamp":"2026-07-16 10:41:01"}
{"level":"error","message":"ML Service error after 1 attempts: ","service":"dss-api","timestamp":"2026-07-16 10:41:01"}
{"level":"error","message":"ML Service error after 1 attempts: ","service":"dss-api","timestamp":"2026-07-16 10:41:01"}
{"level":"error","message":"ML Service error after 1 attempts: ","service":"dss-api","timestamp":"2026-07-16 10:44:26"}
{"level":"error","message":"ML Service error after 1 attempts: ","service":"dss-api","timestamp":"2026-07-16 10:44:26"}
{"level":"error","message":"ML Service error after 1 attempts: ","service":"dss-api","timestamp":"2026-07-16 10:44:26"}
{"level":"error","message":"ML Service error after 1 attempts: ","service":"dss-api","timestamp":"2026-07-16 10:44:26"}
{"level":"error","message":"ML Service error after 1 attempts: ","service":"dss-api","timestamp":"2026-07-16 10:44:28"}
{"level":"error","message":"ML Service error after 1 attempts: ","service":"dss-api","timestamp":"2026-07-16 10:44:28"}
{"level":"error","message":"ML Service error after 1 attempts: ","service":"dss-api","timestamp":"2026-07-16 10:44:28"}
{"level":"error","message":"ML Service error after 1 attempts: ","service":"dss-api","timestamp":"2026-07-16 10:44:28"}
{"level":"error","message":"ML Service error after 1 attempts: ","service":"dss-api","timestamp":"2026-07-16 10:44:29"}
{"level":"error","message":"ML Service error after 1 attempts: ","service":"dss-api","timestamp":"2026-07-16 10:44:29"}
{"level":"error","message":"ML Service error after 1 attempts: ","service":"dss-api","timestamp":"2026-07-16 10:45:19"}
{"level":"error","message":"ML Service error after 1 attempts: ","service":"dss-api","timestamp":"2026-07-16 10:45:19"}
{"level":"error","message":"ML Service error after 1 attempts: ","service":"dss-api","timestamp":"2026-07-16 10:47:32"}
{"level":"error","message":"ML Service error after 1 attempts: ","service":"dss-api","timestamp":"2026-07-16 10:47:32"}
{"level":"error","message":"ML Service error after 1 attempts: ","service":"dss-api","timestamp":"2026-07-16 10:48:26"}
{"level":"error","message":"ML Service error after 1 attempts: ","service":"dss-api","timestamp":"2026-07-16 10:48:26"}
{"level":"error","message":"ML Service error after 1 attempts: ","service":"dss-api","timestamp":"2026-07-16 11:02:30"}
{"level":"error","message":"ML Service error after 1 attempts: ","service":"dss-api","timestamp":"2026-07-16 11:02:30"}
{"level":"error","message":"ML Service error after 1 attempts: ","service":"dss-api","timestamp":"2026-07-16 11:02:37"}
{"level":"error","message":"ML Service error after 1 attempts: ","service":"dss-api","timestamp":"2026-07-16 11:02:40"}
{"level":"error","message":"ML Service error after 1 attempts: ","service":"dss-api","timestamp":"2026-07-16 11:02:43"}
{"level":"error","message":"ML Service error after 1 attempts: ","service":"dss-api","timestamp":"2026-07-16 11:02:44"}
{"level":"error","message":"ML Service error after 1 attempts: ","service":"dss-api","timestamp":"2026-07-16 11:02:46"}
{"level":"error","message":"ML Service error after 1 attempts: ","service":"dss-api","timestamp":"2026-07-16 11:02:48"}
{"level":"error","message":"ML Service error after 1 attempts: ","service":"dss-api","timestamp":"2026-07-16 11:03:01"}
{"level":"error","message":"ML Service error after 1 attempts: ","service":"dss-api","timestamp":"2026-07-16 11:03:01"}
{"level":"error","message":"ML Service error after 1 attempts: ","service":"dss-api","timestamp":"2026-07-16 11:03:01"}
{"level":"error","message":"ML Service error after 1 attempts: ","service":"dss-api","timestamp":"2026-07-16 11:03:01"}
{"level":"error","message":"ML Service error after 1 attempts: ","service":"dss-api","timestamp":"2026-07-16 11:04:46"}
{"level":"error","message":"ML Service error after 1 attempts: ","service":"dss-api","timestamp":"2026-07-16 11:04:46"}
{"level":"error","message":"ML Service error after 1 attempts: ","service":"dss-api","timestamp":"2026-07-16 11:04:46"}
{"level":"error","message":"ML Service error after 1 attempts: ","service":"dss-api","timestamp":"2026-07-16 11:04:46"}
{"level":"error","message":"ML Service error after 1 attempts: ","service":"dss-api","timestamp":"2026-07-16 11:04:59"}
{"level":"error","message":"ML Service error after 1 attempts: ","service":"dss-api","timestamp":"2026-07-16 11:04:59"}
{"level":"error","message":"ML Service error after 1 attempts: ","service":"dss-api","timestamp":"2026-07-16 11:05:02"}
{"level":"error","message":"ML Service error after 1 attempts: ","service":"dss-api","timestamp":"2026-07-16 11:05:04"}
{"level":"error","message":"ML Service error after 1 attempts: ","service":"dss-api","timestamp":"2026-07-16 11:05:05"}
{"level":"error","message":"ML Service error after 1 attempts: ","service":"dss-api","timestamp":"2026-07-16 11:05:08"}
{"level":"error","message":"ML Service error after 1 attempts: ","service":"dss-api","timestamp":"2026-07-16 11:05:10"}
{"level":"error","message":"ML Service error after 1 attempts: ","service":"dss-api","timestamp":"2026-07-16 11:05:13"}
{"level":"error","message":"ML Service error after 1 attempts: Invalid API key","service":"dss-api","timestamp":"2026-07-16 11:07:17"}
{"level":"error","message":"ML Service error after 1 attempts: Invalid API key","service":"dss-api","timestamp":"2026-07-16 11:07:17"}
{"level":"error","message":"ML Service error after 1 attempts: Invalid API key","service":"dss-api","timestamp":"2026-07-16 11:07:20"}
{"level":"error","message":"ML Service error after 1 attempts: Invalid API key","service":"dss-api","timestamp":"2026-07-16 11:07:27"}
{"level":"error","message":"ML Service error after 1 attempts: Not Found","service":"dss-api","timestamp":"2026-07-16 11:07:27"}
{"level":"error","message":"ML Service error after 1 attempts: Invalid API key","service":"dss-api","timestamp":"2026-07-16 11:07:27"}
{"level":"error","message":"ML Service error after 1 attempts: Not Found","service":"dss-api","timestamp":"2026-07-16 11:07:27"}
{"level":"error","message":"ML Service error after 1 attempts: ","service":"dss-api","timestamp":"2026-07-16 11:15:07"}
{"level":"error","message":"ML Service error after 1 attempts: ","service":"dss-api","timestamp":"2026-07-16 11:15:07"}
{"level":"error","message":"ML Service error after 1 attempts: ","service":"dss-api","timestamp":"2026-07-16 11:15:08"}
{"level":"error","message":"ML Service error after 1 attempts: ","service":"dss-api","timestamp":"2026-07-16 11:15:08"}
{"level":"error","message":"ML Service error after 1 attempts: ","service":"dss-api","timestamp":"2026-07-16 11:15:08"}
{"level":"error","message":"ML Service error after 1 attempts: ","service":"dss-api","timestamp":"2026-07-16 11:15:08"}
{"level":"error","message":"ML Service error after 1 attempts: ","service":"dss-api","timestamp":"2026-07-16 11:15:15"}
{"level":"error","message":"ML Service error after 1 attempts: ","service":"dss-api","timestamp":"2026-07-16 11:15:15"}
{"level":"error","message":"ML Service error after 1 attempts: ","service":"dss-api","timestamp":"2026-07-16 11:15:15"}
{"level":"error","message":"ML Service error after 1 attempts: ","service":"dss-api","timestamp":"2026-07-16 11:15:15"}
{"level":"error","message":"ML Service error after 1 attempts: ","service":"dss-api","timestamp":"2026-07-16 11:15:20"}
{"level":"error","message":"ML Service error after 1 attempts: ","service":"dss-api","timestamp":"2026-07-16 11:15:20"}
